[backblue.gif]
[fade.gif]
[index.html]
[math.iisc.ac.in/iisclogo.jpg]
[math.iisc.ac.in/images/lnk-intro1.gif]
[math.iisc.ac.in/images/lnk-imi1.gif]
[math.iisc.ac.in/images/lnk-people1.gif]
[math.iisc.ac.in/images/lnk-nonlin1.gif]
[math.iisc.ac.in/images/lnk-research1.gif]
[math.iisc.ac.in/images/lnk-matholym1.gif]
[math.iisc.ac.in/images/lnk-courses1.gif]
[math.iisc.ac.in/images/lnk-degree1.gif]
[math.iisc.ac.in/images/lnk-nbhm1.gif]
[math.iisc.ac.in/images/lnk-eprint.gif]
[math.iisc.ac.in/images/lnk-upevents1.gif]
[math.iisc.ac.in/images/lnk-resproj1.gif]
[math.iisc.ac.in/images/lnk-rellinks1.gif]
[math.iisc.ac.in/images/lnk-career1.gif]
[math.iisc.ac.in/images/lnk-conus1.gif]
[math.iisc.ac.in/images/lnk-seminar1.gif]
[math.iisc.ac.in/images/lnk-pastevents1.gif]
[math.iisc.ac.in/images/lnk-iisctifr-home1.gif]
[math.iisc.ac.in/images/title.gif]
[math.iisc.ac.in/images/home-bldg4.jpg]
[math.iisc.ac.in/images/home-joinus.gif]
[math.iisc.ac.in/images/home-phdprog.gif]
[math.iisc.ac.in/images/imgs-toprght.jpg]
[math.iisc.ac.in/images/lnk-intro.gif]
[math.iisc.ac.in/images/lnk-seminar1old.gif]
[math.iisc.ac.in/images/lnk-seminarold.gif]
[math.iisc.ac.in/images/lnk-people.gif]
[math.iisc.ac.in/images/lnk-mathbioo1.gif]
[math.iisc.ac.in/images/lnk-mathbioo.gif]
[math.iisc.ac.in/images/lnk-research.gif]
[math.iisc.ac.in/images/ifcam1.gif]
[math.iisc.ac.in/images/ifcam.gif]
[math.iisc.ac.in/images/lnk-degree.gif]
[math.iisc.ac.in/images/lnk-nmi.gif]
[math.iisc.ac.in/images/lnk-courses.gif]
[math.iisc.ac.in/images/lnk-seminar.gif]
[math.iisc.ac.in/images/lnk-resproj.gif]
[math.iisc.ac.in/images/lnk-matholym.gif]
[math.iisc.ac.in/images/mathlib1.gif]
[math.iisc.ac.in/images/matlib.gif]
[math.iisc.ac.in/images/lnk-rellinks.gif]
[math.iisc.ac.in/images/lnk-nbhm.gif]
[math.iisc.ac.in/index.html]
[math.iisc.ac.in/images/lnk-conus.gif]
[math.iisc.ac.in/scripts/mathdept.css]
[math.iisc.ac.in/image/lnk-events.html]
[math.iisc.ac.in/images/fun-age.gif]
[math.iisc.ac.in/images/lnk-events1.gif]
[math.iisc.ac.in/images/lnk-events.gif]
[math.iisc.ac.in/images/lnk-publicc1.gif]
[math.iisc.ac.in/images/lnk-publi.gif]
[math.iisc.ac.in/images/lnk-pa1.gif]
[math.iisc.ac.in/images/lnk-pa.gif]
[math.iisc.ac.in/images/lnk-imi.gif]
[math.iisc.ac.in/images/lnk-nbhmpanoramaa1.gif]
[math.iisc.ac.in/images/lnk-nbhmpanoramaa.gif]
[math.iisc.ac.in/images/lnk-careeer1.gif]
[math.iisc.ac.in/images/lnk-career.gif]
[math.iisc.ac.in/images/lnk-indo-french1.gif]
[math.iisc.ac.in/images/lnk-indo-french.gif]
[math.iisc.ac.in/images/lnk-preprintss1.gif]
[math.iisc.ac.in/images/lnk-preprintss.gif]
[math.iisc.ac.in/images/funding-dst.jpg]
[math.iisc.ac.in/funding_agen.html]
[math.iisc.ac.in/images/logougc.gif]
[math.iisc.ac.in/webmail/index.html]
[math.iisc.ac.in/images/h-facpos.gif]
[math.iisc.ac.in/fac-pos.html]
[math.iisc.ac.in/images/h-degprog.gif]
[math.iisc.ac.in/degprog.html]
[math.iisc.ac.in/scrollnews.html]
[math.iisc.ac.in/images/h-intro.gif]
[math.iisc.ac.in/intro.html]
[math.iisc.ac.in/images/h-seminars.gif]
[math.iisc.ac.in/seminars2017.html]
[math.iisc.ac.in/images/h-people.gif]
[math.iisc.ac.in/people.html]
[math.iisc.ac.in/images/h-people-home.gif]
[math.iisc.ac.in/_mathbio/images/spacer.gif]
[math.iisc.ac.in/_mathbio/images/logo.jpg]
[math.iisc.ac.in/_mathbio/index.html]
[math.iisc.ac.in/_mathbio/images/banner.jpg]
[math.iisc.ac.in/images/h-research.gif]
[math.iisc.ac.in/research.html]
[math.iisc.ac.in/images/h-research-areas.gif]
[math.iisc.ac.in/_ifcam/images/ifcamimg.gif]
[math.iisc.ac.in/_ifcam/images/logo.jpg]
[math.iisc.ac.in/_ifcam/index.html]
[math.iisc.ac.in/_nmi/lib/jquery.js]
[math.iisc.ac.in/_nmi/lib/jquery.metadata.js]
[math.iisc.ac.in/_nmi/scripts/jquery.validate.js]
[math.iisc.ac.in/_nmi/lib/cmxforms.js]
[math.iisc.ac.in/_nmi/images/lnk-aboutimi1.jpg]
[math.iisc.ac.in/_nmi/images/lnk-seminars1.jpg]
[math.iisc.ac.in/_nmi/images/lnk-thematicprog1.jpg]
[math.iisc.ac.in/_nmi/images/lnk-phdprog1.jpg]
[math.iisc.ac.in/_nmi/images/lnk-requestforpart1.jpg]
[math.iisc.ac.in/_nmi/images/lnk-visitorinfo1.jpg]
[math.iisc.ac.in/_nmi/images/lnk-fundingagencies1.jpg]
[math.iisc.ac.in/_nmi/images/lnk-contact1.jpg]
[math.iisc.ac.in/_nmi/images/icon-home.jpg]
[math.iisc.ac.in/_nmi/images/spacer.gif]
[math.iisc.ac.in/_nmi/images/lnk-aboutimi.jpg]
[math.iisc.ac.in/_nmi/images/lnk-thematicprog.jpg]
[math.iisc.ac.in/_nmi/images/lnk-otherevents1.jpg]
[math.iisc.ac.in/_nmi/images/lnk-otherevents.jpg]
[math.iisc.ac.in/_nmi/images/lnk-phdprog.jpg]
[math.iisc.ac.in/_nmi/images/lnk-requestforpart.jpg]
[math.iisc.ac.in/_nmi/images/lnk-visitorinfo.jpg]
[math.iisc.ac.in/_nmi/images/lnk-fundingagencies.jpg]
[math.iisc.ac.in/_nmi/images/lnk-contact.jpg]
[math.iisc.ac.in/_nmi/images/bannerimg-main.jpg]
[math.iisc.ac.in/_nmi/images/panel-head-currentthematicprog.jpg]
[math.iisc.ac.in/_nmi/images/panel-head-phdininterdisc.jpg]
[math.iisc.ac.in/_nmi/images/panel-bak-div-vert.jpg]
[math.iisc.ac.in/_nmi/images/panel-bot-grad.jpg]
[math.iisc.ac.in/_nmi/images/panel-head-upcomingthematicprog.jpg]
[math.iisc.ac.in/_nmi/images/panel-head-otherevents.jpg]
[math.iisc.ac.in/_nmi/images/panel-bak-div-horz.jpg]
[math.iisc.ac.in/_nmi/index.html]
[math.iisc.ac.in/images/h-courses.gif]
[math.iisc.ac.in/newcourse.html]
[math.iisc.ac.in/ugc-cas/design/fadeslideshow.js]
[math.iisc.ac.in/ugc-cas/design/images/logo.png]
[math.iisc.ac.in/ugc-cas/design/images/ugc_logo.png]
[math.iisc.ac.in/ugc-cas/design/images/latest_event.gif]
[math.iisc.ac.in/ugc-cas/design/index.html]
[math.iisc.ac.in/images/h-majres.gif]
[math.iisc.ac.in/majres.html]
[math.iisc.ac.in/images/div-horz.gif]
[math.iisc.ac.in/images/h-matholym.gif]
[math.iisc.ac.in/matholym-nat.html]
[math.iisc.ac.in/_library/No Due Certificate.pdf]
[math.iisc.ac.in/_library/index.html]
[math.iisc.ac.in/images/h-rellinks.gif]
[math.iisc.ac.in/images/h-rellinks-home.gif]
[math.iisc.ac.in/rellinks.html]
[math.iisc.ac.in/travel.pdf]
[math.iisc.ac.in/images/h-contact.gif]
[math.iisc.ac.in/office_phone.pdf]
[math.iisc.ac.in/conus.html]
[math.iisc.ac.in/images/h-disclaim.gif]
[math.iisc.ac.in/images/lnk-nonlin.gif]
[math.iisc.ac.in/images/lnk-upevents.gif]
[math.iisc.ac.in/disclaimer.html]
[math.iisc.ac.in/images/lnk-pastevents.gif]
[math.iisc.ac.in/index-2.html]
[math.iisc.ac.in/courses.html]
[math.iisc.ac.in/images/h-ugcstudy.gif]
[math.iisc.ac.in/images/lnk-public.gif]
[math.iisc.ac.in/images/lnk-nbhmpanorama1.gif]
[math.iisc.ac.in/images/lnk-trust.gif]
[math.iisc.ac.in/images/lnk-other.gif]
[math.iisc.ac.in/seminars.html]
[math.iisc.ac.in/images/lnk-seminars.gif]
[math.iisc.ac.in/images/h-upevents.gif]
[math.iisc.ac.in/events.html]
[math.iisc.ac.in/matholym.html]
[math.iisc.ac.in/images/h-career.gif]
[math.iisc.ac.in/career.html]
[math.iisc.ac.in/images/lnk-care.gif]
[math.iisc.ac.in/images/h-nbhm.gif]
[math.iisc.ac.in/nbhm.html]
[math.iisc.ac.in/webmail/src/login.html]
[math.iisc.ac.in/seminars2016.html]
[math.iisc.ac.in/nbhm_paper13/nbhmra05.pdf]
[math.iisc.ac.in/nbhm_paper13/nbhmra05ans.pdf]
[math.iisc.ac.in/nbhm_paper13/nbhmra06.pdf]
[math.iisc.ac.in/nbhm_paper13/nbhmra06key.pdf]
[math.iisc.ac.in/nbhm_paper13/nbhmra07_0.pdf]
[math.iisc.ac.in/nbhm_paper13/nbhmra07key.pdf]
[math.iisc.ac.in/nbhm_paper13/nbhmra08_0.pdf]
[math.iisc.ac.in/nbhm_paper13/ra08key.pdf]
[math.iisc.ac.in/nbhm_paper13/nbhmra09.pdf]
[math.iisc.ac.in/nbhm_paper13/nbhmra09key.pdf]
[math.iisc.ac.in/nbhm_paper13/nbhmra10.pdf]
[math.iisc.ac.in/nbhm_paper13/nbhmra10key.pdf]
[math.iisc.ac.in/nbhm_paper13/nbhmra11.pdf]
[math.iisc.ac.in/nbhm_paper13/nbhmra12_pdf_17952.pdf]
[math.iisc.ac.in/nbhm_paper13/nbhmra13.pdf]
[math.iisc.ac.in/nbhm_paper13/nbhmra13key.pdf]
[math.iisc.ac.in/degprog-phd.html]
[math.iisc.ac.in/degprog-intphd.html]
[math.iisc.ac.in/style/chalukyas.html]
[math.iisc.ac.in/downloads/outing-spots.html]
[math.iisc.ac.in/seminars2017/jan20.html]
[math.iisc.ac.in/images/h-people-fac.gif]
[math.iisc.ac.in/images/fac-arvind.jpg]
[math.iisc.ac.in/images/fac-abhishek.jpg]
[math.iisc.ac.in/images/fac-bharali.jpg]
[math.iisc.ac.in/images/fac-tirtha21.jpg]
[math.iisc.ac.in/images/fac_somu.jpg]
[math.iisc.ac.in/images/fac-data.jpg]
[math.iisc.ac.in/images/fac-gadgil.jpg]
[math.iisc.ac.in/images/fac-mkg2010.jpg]
[math.iisc.ac.in/images/fac-Gudi2010.jpg]
[math.iisc.ac.in/images/fac-subhojoy.jpg]
[math.iisc.ac.in/images/fac-skiyer.jpg]
[math.iisc.ac.in/images/fac-manju.jpg]
[math.iisc.ac.in/images/fac-gm.jpg]
[math.iisc.ac.in/images/fac-nandakumaran.jpg]
[math.iisc.ac.in/images/fac-naru1.jpg]
[math.iisc.ac.in/images/fac-patil.jpg]
[math.iisc.ac.in/images/fac-vpp.jpg]
[math.iisc.ac.in/images/fac-rangarajan.jpg]
[math.iisc.ac.in/images/fac-harish1.jpg]
[math.iisc.ac.in/images/pooja.jpg]
[math.iisc.ac.in/images/fac-veluma.jpg]
[math.iisc.ac.in/images/fac-kverma1.jpg]
[math.iisc.ac.in/people-fac.html]
[math.iisc.ac.in/seminars2017/jan18.html]
[math.iisc.ac.in/seminars2017/jan11.html]
[math.iisc.ac.in/seminars2017/jan10.html]
[math.iisc.ac.in/seminars2017/jan09.html]
[math.iisc.ac.in/seminars2017/jan06.html]
[math.iisc.ac.in/seminars2017/jan05.html]
[math.iisc.ac.in/images/fac-unb.jpg]
[math.iisc.ac.in/images/fac-alok2.jpg]
[math.iisc.ac.in/people_emisci.html]
[math.iisc.ac.in/images/fac-phoolanprasad.jpg]
[math.iisc.ac.in/images/spacer.gif]
[math.iisc.ac.in/people_nmidis.html]
[math.iisc.ac.in/images/fac-esha.jpg]
[math.iisc.ac.in/images/stu-surjit1.jpg]
[math.iisc.ac.in/people_if.html]
[math.iisc.ac.in/images/stu-sushma.jpg]
[math.iisc.ac.in/images/h-people-postdoc.gif]
[math.iisc.ac.in/students_images/stu-chan.png]
[math.iisc.ac.in/students_images/stu-dipendu.jpg]
[math.iisc.ac.in/students_images/stu-kalai.jpg]
[math.iisc.ac.in/students_images/stu-km.jpg]
[math.iisc.ac.in/students_images/stu-sathis.jpg]
[math.iisc.ac.in/students_images/stu-sumit.jpg]
[math.iisc.ac.in/people-postdoc.html]
[math.iisc.ac.in/images/h-people-stu.gif]
[math.iisc.ac.in/people-stu.html]
[math.iisc.ac.in/images/h-people-staff.gif]
[math.iisc.ac.in/people-staff.html]
[math.iisc.ac.in/images/h-people-proassociate.gif]
[math.iisc.ac.in/images/h-people-trainee.gif]
[math.iisc.ac.in/students_images/staf-shan.jpg]
[math.iisc.ac.in/people-trainee.html]
[math.iisc.ac.in/_mathbio/images/bak-page.jpg]
[math.iisc.ac.in/_mathbio/styles/style.css]
[math.iisc.ac.in/_mathbio/index-2.html]
[math.iisc.ac.in/_mathbio/visitorsprogramme.html]
[math.iisc.ac.in/_mathbio/images/faculty-nagasuma.jpg]
[math.iisc.ac.in/_mathbio/images/faculty-narendra.jpg]
[math.iisc.ac.in/_mathbio/images/faculty-prabal.jpg]
[math.iisc.ac.in/_mathbio/images/faculty-nandakumaran.jpg]
[math.iisc.ac.in/_mathbio/images/faculty-vijay.jpg]
[math.iisc.ac.in/_mathbio/images/faculty-debnath.jpg]
[math.iisc.ac.in/_mathbio/images/faculty-rahul.jpg]
[math.iisc.ac.in/_mathbio/images/faculty-sowmyendu.jpg]
[math.iisc.ac.in/_mathbio/images/faculty-rangaraj.jpg]
[math.iisc.ac.in/_mathbio/images/faculty-sujit.jpg]
[math.iisc.ac.in/_mathbio/images/faculty-anantha.jpg]
[math.iisc.ac.in/_mathbio/images/faculty-vasu.jpg]
[math.iisc.ac.in/_mathbio/listofassociatedfaculty.html]
[math.iisc.ac.in/_mathbio/seminars.html]
[math.iisc.ac.in/_mathbio/courses.html]
[math.iisc.ac.in/_mathbio/Workshops.html]
[math.iisc.ac.in/_mathbio/book_list.html]
[math.iisc.ac.in/_mathbio/computingfacility.html]
[math.iisc.ac.in/_mathbio/phd-programme.html]
[math.iisc.ac.in/_mathbio/Alumni.html]
[math.iisc.ac.in/_mathbio/images/logo-dst.jpg]
[math.iisc.ac.in/_mathbio/fundingagency.html]
[math.iisc.ac.in/_mathbio/contact.html]
[math.iisc.ac.in/pub1991-2007.html]
[math.iisc.ac.in/_ifcam/images/menu.jpg]
[math.iisc.ac.in/_ifcam/images/footer.jpg]
[math.iisc.ac.in/_ifcam/style.css]
[math.iisc.ac.in/_ifcam/index-2.html]
[math.iisc.ac.in/_ifcam/committee.html]
[math.iisc.ac.in/_ifcam/sponsors.html]
[math.iisc.ac.in/_ifcam/project.html]
[math.iisc.ac.in/_ifcam/Summer.pdf]
[math.iisc.ac.in/_ifcam/events.html]
[math.iisc.ac.in/_ifcam/download.html]
[math.iisc.ac.in/_ifcam/IFCAM_JRP_call_for_proposals_2015.doc]
[math.iisc.ac.in/_ifcam/visitors.html]
[math.iisc.ac.in/_ifcam/contact.html]
[math.iisc.ac.in/_nmi/scripts/imi.css]
[math.iisc.ac.in/_nmi/scripts/screen.css]
[math.iisc.ac.in/_nmi/images/lnk-thematicprog2.html]
[math.iisc.ac.in/_nmi/index-2.html]
[math.iisc.ac.in/_nmi/images/div-horz-header.jpg]
[math.iisc.ac.in/_nmi/images/div-horz-gray.jpg]
[math.iisc.ac.in/_nmi/aboutimi-overview.html]
[math.iisc.ac.in/_nmi/images/div-vert-links.jpg]
[math.iisc.ac.in/_nmi/atp.html]
[math.iisc.ac.in/_nmi/downloads/symposium_06.pdf]
[math.iisc.ac.in/_nmi/otherevents.html]
[math.iisc.ac.in/_nmi/images/bannerimg-main-phd.jpg]
[math.iisc.ac.in/_nmi/IMI2016-17.pdf]
[math.iisc.ac.in/_nmi/PhD Home.html]
[math.iisc.ac.in/_nmi/atp-requestforparticipation.html]
[math.iisc.ac.in/_nmi/visitorinfo.html]
[math.iisc.ac.in/_nmi/images/funding-dst.jpg]
[math.iisc.ac.in/_nmi/fundingagencies.html]
[math.iisc.ac.in/_nmi/contact.html]
[math.iisc.ac.in/_nmi/CTAC.html]
[math.iisc.ac.in/_nmi/Alumni.html]
[math.iisc.ac.in/_nmi/GTO.html]
[math.iisc.ac.in/courses/aug-dec2016/Algebra-I.html]
[math.iisc.ac.in/courses/aug-dec2016/Linear_Algebra.html]
[math.iisc.ac.in/courses/aug-dec2016/Analysis_I_Real_Analysis.html]
[math.iisc.ac.in/courses/aug-dec2016/Topology.html]
[math.iisc.ac.in/courses/aug-dec2016/Probability_Models.html]
[math.iisc.ac.in/courses/aug-dec2016/Functional_Analysis.html]
[math.iisc.ac.in/_gadgil/AlgebraicTopology/favicon.png]
[math.iisc.ac.in/_gadgil/AlgebraicTopology/javascripts/modernizr-2.0.js]
[math.iisc.ac.in/_gadgil/AlgebraicTopology/javascripts/octopress.js]
[math.iisc.ac.in/_gadgil/AlgebraicTopology/IntroAlgTop.pdf]
[math.iisc.ac.in/_gadgil/AlgebraicTopology/homology.pdf]
[math.iisc.ac.in/_gadgil/AlgebraicTopology/home/index.html]
[math.iisc.ac.in/courses/aug-dec2015/Partial_Differential_Equations.html]
[math.iisc.ac.in/courses/aug-dec2016/Introduction_to_Dynamical_Systems.html]
[math.iisc.ac.in/courses/aug-dec2016/Analysis-III.html]
[math.iisc.ac.in/courses/aug-dec2016/Advanced_Functional_Analysis.html]
[math.iisc.ac.in/courses/aug-dec2016/Modular_Forms.html]
[math.iisc.ac.in/courses/aug-dec2016/Probability_Theory.html]
[math.iisc.ac.in/courses/aug-dec2016/Introduction_to_Complex_Dynamics.html]
[math.iisc.ac.in/courses/jan-apr2017/Algebra-II.html]
[math.iisc.ac.in/courses/jan-apr2017/Anaysis-II_Measure_and_Integration.html]
[math.iisc.ac.in/courses/jan-apr2017/Complex_Analysis.html]
[math.iisc.ac.in/courses/jan-apr2017/Calculus_on_manifolds.html]
[math.iisc.ac.in/courses/jan-apr2017/Ordinary_Differential_Equation.html]
[math.iisc.ac.in/courses/jan-apr2017/Algebraic_Number_theory.html]
[math.iisc.ac.in/courses/jan-apr2017/Topics_in_analysis.html]
[math.iisc.ac.in/courses/jan-apr2017/Algebraic_Topology.html]
[math.iisc.ac.in/_gadgil/IIScLogo.jpg]
[math.iisc.ac.in/_gadgil/HoTT-Course.html]
[math.iisc.ac.in/_gadgil/js/bootstrap.min.js]
[math.iisc.ac.in/courses/jan-apr2016/Quantum_Mechanics.html]
[math.iisc.ac.in/courses/jan-apr2017/ctrl_home.html]
[math.iisc.ac.in/courses/jan-apr2017/Introduction_to_minimal_surfaces.html]
[math.iisc.ac.in/courses/jan-apr2017/Percolation_and_random_graphs.html]
[math.iisc.ac.in/coursesold.html]
[math.iisc.ac.in/courses2014AD.html]
[math.iisc.ac.in/courses2015JA.html]
[math.iisc.ac.in/courses2015AD.html]
[math.iisc.ac.in/courses2016JA.html]
[math.iisc.ac.in/favicon.html]
[math.iisc.ac.in/ugc-cas/design/images/header.gif]
[math.iisc.ac.in/ugc-cas/design/images/nav_left.gif]
[math.iisc.ac.in/ugc-cas/design/images/nav_bg.gif]
[math.iisc.ac.in/ugc-cas/design/images/nav_div.gif]
[math.iisc.ac.in/ugc-cas/design/images/nav_right.gif]
[math.iisc.ac.in/ugc-cas/design/images/welcome_div.gif]
[math.iisc.ac.in/ugc-cas/design/images/read_more.gif]
[math.iisc.ac.in/ugc-cas/design/images/read_more_hover.gif]
[math.iisc.ac.in/ugc-cas/design/images/dept2_.jpg]
[math.iisc.ac.in/ugc-cas/design/images/arrow.gif]
[math.iisc.ac.in/ugc-cas/design/images/read_more2.gif]
[math.iisc.ac.in/ugc-cas/design/images/read_more2_hover.gif]
[math.iisc.ac.in/ugc-cas/design/images/service_bottom.gif]
[math.iisc.ac.in/ugc-cas/design/images/dept3_.jpg]
[math.iisc.ac.in/ugc-cas/design/images/read_more3_hover.gif]
[math.iisc.ac.in/ugc-cas/design/images/question_bottom.gif]
[math.iisc.ac.in/ugc-cas/design/images/old_dept1.jpg]
[math.iisc.ac.in/ugc-cas/design/images/member_login.gif]
[math.iisc.ac.in/ugc-cas/design/images/dept4_.jpg]
[math.iisc.ac.in/ugc-cas/design/images/proper_direction.gif]
[math.iisc.ac.in/ugc-cas/design/images/read_more4_hover.gif]
[math.iisc.ac.in/ugc-cas/design/images/footer_bg.gif]
[math.iisc.ac.in/ugc-cas/design/style.css]
[math.iisc.ac.in/_library/img/bg.gif]
[math.iisc.ac.in/_library/img/bgcode.gif]
[math.iisc.ac.in/_library/img/quote.gif]
[math.iisc.ac.in/_library/img/topleft.gif]
[math.iisc.ac.in/_library/img/bgmain.gif]
[math.iisc.ac.in/_library/img/nav_li.gif]
[math.iisc.ac.in/_library/img/li.gif]
[math.iisc.ac.in/_library/default.css]
[math.iisc.ac.in/_library/img/bgfooter.gif]
[math.iisc.ac.in/_library/index-2.html]
[math.iisc.ac.in/_library/journal.html]
[math.iisc.ac.in/_library/policies.html]
[math.iisc.ac.in/_library/resources.html]
[math.iisc.ac.in/_library/services.html]
[math.iisc.ac.in/_library/img/skiyer.jpg]
[math.iisc.ac.in/_library/img/nandakumaran.jpg]
[math.iisc.ac.in/_library/img/sangshan.jpg]
[math.iisc.ac.in/_library/committee.html]
[math.iisc.ac.in/_library/img/eMATH58.jpg]
[math.iisc.ac.in/_library/img/eMath29.jpg]
[math.iisc.ac.in/_library/img/eMath31.jpg]
[math.iisc.ac.in/_library/img/eMath30.jpg]
[math.iisc.ac.in/_library/img/eMath32.jpg]
[math.iisc.ac.in/_library/img/eMath33.jpg]
[math.iisc.ac.in/_library/img/eMath34.jpg]
[math.iisc.ac.in/_library/img/eMath35.jpg]
[math.iisc.ac.in/_library/img/arrow.jpg]
[math.iisc.ac.in/_library/new.html]
[math.iisc.ac.in/fileIndex.html]
[math.iisc.ac.in/upevents.html]
[math.iisc.ac.in/images/h-pasevents.gif]
[math.iisc.ac.in/docs/hydroposter.pdf]
[math.iisc.ac.in/pastevents.html]
[math.iisc.ac.in/visitors.html]
[math.iisc.ac.in/seminars2012.html]
[math.iisc.ac.in/seminars2011.html]
[math.iisc.ac.in/seminars2010.html]
[math.iisc.ac.in/seminars2009.html]
[math.iisc.ac.in/seminars2008.html]
[math.iisc.ac.in/seminars2007.html]
[math.iisc.ac.in/seminars2006.html]
[math.iisc.ac.in/seminars2005.html]
[math.iisc.ac.in/seminars2004.html]
[math.iisc.ac.in/seminars2016/dec28.html]
[math.iisc.ac.in/seminars2016/dec27.html]
[math.iisc.ac.in/seminars2016/dec21.html]
[math.iisc.ac.in/seminars2016/dec09.html]
[math.iisc.ac.in/seminars2016/dec06.html]
[math.iisc.ac.in/seminars2016/dec02.html]
[math.iisc.ac.in/seminars2016/oct07.html]
[math.iisc.ac.in/seminars2016/oct25.html]
[math.iisc.ac.in/seminars2016/oct21-I.html]
[math.iisc.ac.in/seminars2016/oct21.html]
[math.iisc.ac.in/seminars2016/sep28.html]
[math.iisc.ac.in/seminars2016/sep27.html]
[math.iisc.ac.in/seminars2016/sep23-I.html]
[math.iisc.ac.in/seminars2016/sep23.html]
[math.iisc.ac.in/seminars2016/sep20.html]
[math.iisc.ac.in/seminars2016/sep19-I.html]
[math.iisc.ac.in/seminars2016/sep19.html]
[math.iisc.ac.in/seminars2016/sep06.html]
[math.iisc.ac.in/seminars2016/sep02.html]
[math.iisc.ac.in/seminars2016/aug24.html]
[math.iisc.ac.in/seminars2016/aug19-I.html]
[math.iisc.ac.in/seminars2016/aug19.html]
[math.iisc.ac.in/seminars2016/aug16.html]
[math.iisc.ac.in/seminars2016/aug08.html]
[math.iisc.ac.in/seminars2016/aug04.html]
[math.iisc.ac.in/seminars2016/jul28-II.html]
[math.iisc.ac.in/seminars2016/jul28.html]
[math.iisc.ac.in/seminars2016/jul28-I.html]
[math.iisc.ac.in/seminars2016/jul27.html]
[math.iisc.ac.in/seminars2016/jul25.html]
[math.iisc.ac.in/seminars2016/jul13.html]
[math.iisc.ac.in/seminars2016/jul11.html]
[math.iisc.ac.in/seminars2016/jun29.html]
[math.iisc.ac.in/seminars2016/jun15.html]
[math.iisc.ac.in/seminars2016/may27.html]
[math.iisc.ac.in/seminars2016/may26.html]
[math.iisc.ac.in/seminars2016/may05.html]
[math.iisc.ac.in/seminars2016/may04.html]
[math.iisc.ac.in/seminars2016/apr22-I.html]
[math.iisc.ac.in/seminars2016/apr22.html]
[math.iisc.ac.in/seminars2016/apr21.html]
[math.iisc.ac.in/seminars2016/apr13.html]
[math.iisc.ac.in/seminars2016/apr12.html]
[math.iisc.ac.in/seminars2016/apr06.html]
[math.iisc.ac.in/seminars2016/apr04-I.html]
[math.iisc.ac.in/seminars2016/apr04.html]
[math.iisc.ac.in/seminars2016/mar22.html]
[math.iisc.ac.in/seminars2016/mar18.html]
[math.iisc.ac.in/seminars2016/mar16.html]
[math.iisc.ac.in/seminars2016/mar11.html]
[math.iisc.ac.in/seminars2016/mar08.html]
[math.iisc.ac.in/seminars2016/mar07.html]
[math.iisc.ac.in/seminars2016/mar03.html]
[math.iisc.ac.in/seminars2016/mar02.html]
[math.iisc.ac.in/seminars2016/feb26-I.html]
[math.iisc.ac.in/seminars2016/feb26.html]
[math.iisc.ac.in/seminars2016/feb19.html]
[math.iisc.ac.in/seminars2016/feb12.html]
[math.iisc.ac.in/seminars2016/feb11.html]
[math.iisc.ac.in/seminars2016/jan29-I.html]
[math.iisc.ac.in/seminars2016/jan29.html]
[math.iisc.ac.in/seminars2016/jan27.html]
[math.iisc.ac.in/seminars2016/jan22.html]
[math.iisc.ac.in/seminars2016/jan19.html]
[math.iisc.ac.in/seminars2016/jan04.html]
[math.iisc.ac.in/seminars2016/jan01.html]
[math.iisc.ac.in/ http_/disc.iisc.ernet.in/videos.html]
[math.iisc.ac.in/nbhm_paper13/nbhmra11key_pdf_57541.html]
[math.iisc.ac.in/nbhm_paper13/nbhmra12ans.html]
[math.iisc.ac.in/seminars2017/dec17_files/injection_graph_func.html]
[math.iisc.ac.in/_arvind/index.html]
[math.iisc.ac.in/_bharali/iisclogo.jpg]
[math.iisc.ac.in/_bharali/index.html]
[math.iisc.ac.in/_tirtha/images/iisc_logo.png]
[math.iisc.ac.in/_tirtha/STP63494.jpg]
[math.iisc.ac.in/_tirtha/index.html]
[math.iisc.ac.in/_dattab/iisclogo.jpg]
[math.iisc.ac.in/_dattab/BDatta_cv_2017jan.pdf]
[math.iisc.ac.in/_dattab/bd0117.jpg]
[math.iisc.ac.in/_dattab/index.html]
[math.iisc.ac.in/_dattab/basudev_da_2.jpg]
[math.iisc.ac.in/_gadgil/cv.pdf]
[math.iisc.ac.in/_gadgil/nehu.jpg]
[math.iisc.ac.in/_gadgil/expos/poincare.pdf]
[math.iisc.ac.in/_gadgil/expos/dyn1.pdf]
[math.iisc.ac.in/_gadgil/expos/acad.pdf]
[math.iisc.ac.in/_gadgil/expos/Chern.ps]
[math.iisc.ac.in/_gadgil/expos/Bowd.pdf]
[math.iisc.ac.in/_gadgil/expos/Tori.pdf]
[math.iisc.ac.in/_gadgil/expos/normal.ps]
[math.iisc.ac.in/_gadgil/expos/Heegard.pdf]
[math.iisc.ac.in/_gadgil/expos/surgery.pdf]
[math.iisc.ac.in/_gadgil/expos/hyp.pdf]
[math.iisc.ac.in/_gadgil/Campusquiz.ppsx]
[math.iisc.ac.in/_gadgil/Quiz2.ppsx]
[math.iisc.ac.in/_gadgil/index.html]
[math.iisc.ac.in/_mkg/js/modernizr-1.5.min.js]
[math.iisc.ac.in/_mkg/images/1.jpg]
[math.iisc.ac.in/_mkg/images/2.jpg]
[math.iisc.ac.in/_mkg/images/3.jpg]
[math.iisc.ac.in/_mkg/images/4.jpg]
[math.iisc.ac.in/_mkg/images/5.jpg]
[math.iisc.ac.in/_mkg/images/fac-mkg2010.jpg]
[math.iisc.ac.in/_mkg/js/jquery.js]
[math.iisc.ac.in/_mkg/js/jquery.easing-sooper.js]
[math.iisc.ac.in/_mkg/js/jquery.sooperfish.js]
[math.iisc.ac.in/_mkg/js/image_fade.js]
[math.iisc.ac.in/_mkg/index.html]
[math.iisc.ac.in/_gudi/iisc-logonew.png]
[math.iisc.ac.in/_gudi/Gudifull.png]
[math.iisc.ac.in/_gudi/index.html]
[math.iisc.ac.in/_skiyer/iisclogo.jpg]
[math.iisc.ac.in/_skiyer/images/fac-skiyer1.jpg]
[math.iisc.ac.in/_skiyer/images/phone.jpg]
[math.iisc.ac.in/_skiyer/index.html]
[math.iisc.ac.in/_skiyer/images/email.jpg]
[math.iisc.ac.in/_manju/index.html]
[math.iisc.ac.in/_gm/iisclogo_gold_small.png]
[math.iisc.ac.in/_gm/picture.jpg]
[math.iisc.ac.in/_gm/index.html]
[math.iisc.ac.in/_nands/images/nandakumar.jpg]
[math.iisc.ac.in/_nands/images/image.jpg]
[math.iisc.ac.in/_nands/images/image2.jpg]
[math.iisc.ac.in/_nands/images/image3.jpg]
[math.iisc.ac.in/_nands/index.html]
[math.iisc.ac.in/_naru/iisclogo.jpg]
[math.iisc.ac.in/_naru/index.html]
[math.iisc.ac.in/_patil/chromejs/chrome.js]
[math.iisc.ac.in/_patil/images/bg_home.jpg]
[math.iisc.ac.in/_patil/index.html]
[math.iisc.ac.in/_vamsipingali/index.html]
[math.iisc.ac.in/_vamsipingali/vamsi.gif]
[math.iisc.ac.in/_rangaraj/images/top-bak.jpg]
[math.iisc.ac.in/_rangaraj/images/title.gif]
[math.iisc.ac.in/_rangaraj/images/top-bar.gif]
[math.iisc.ac.in/_rangaraj/images/links-bak.gif]
[math.iisc.ac.in/_rangaraj/images/spacer.gif]
[math.iisc.ac.in/_rangaraj/images/head-bak.gif]
[math.iisc.ac.in/_rangaraj/images/div-vert.gif]
[math.iisc.ac.in/_rangaraj/images/Self2_2014.jpg]
[math.iisc.ac.in/_rangaraj/images/get_adobe_reader.gif]
[math.iisc.ac.in/_rangaraj/index.html]
[math.iisc.ac.in/_harish/iisclogo.jpg]
[math.iisc.ac.in/_harish/divider_146.gif]
[math.iisc.ac.in/_harish/index.html]
[math.iisc.ac.in/_veluma/iisclogo.jpg]
[math.iisc.ac.in/_veluma/images/fac-veluma.jpg]
[math.iisc.ac.in/_veluma/index.html]
[math.iisc.ac.in/_veluma/images/divider_146.gif]
[math.iisc.ac.in/_kverma/images/fac_kverma1.jpg]
[math.iisc.ac.in/_kverma/images/phone.jpg]
[math.iisc.ac.in/_kverma/images/email.jpg]
[math.iisc.ac.in/_kverma/index.html]
[math.iisc.ac.in/_kverma/images/web.gif]
[math.iisc.ac.in/_surjik15/index.html]
[math.iisc.ac.in/ifcaam/images/ifcamimg.gif]
[math.iisc.ac.in/ifcaam/images/logo.jpg]
[math.iisc.ac.in/ifcaam/ifcam.html]
[math.iisc.ac.in/images/h-people-stu-phd.gif]
[math.iisc.ac.in/students_images/stu-modi.jpg]
[math.iisc.ac.in/students_images/stu-rajeev.jpg]
[math.iisc.ac.in/students_images/stu-nanda.jpg]
[math.iisc.ac.in/students_images/stu-appu.jpg]
[math.iisc.ac.in/students_images/stu-monojit.jpg]
[math.iisc.ac.in/students_images/stu-sharath.jpg]
[math.iisc.ac.in/mathphd.html]
[math.iisc.ac.in/images/h-people-stu-intphd.gif]
[math.iisc.ac.in/students_images/stu-karthik.jpg]
[math.iisc.ac.in/students_images/stu-vikram.jpg]
[math.iisc.ac.in/students_images/stu-kebi.jpg]
[math.iisc.ac.in/students_images/stu-ramiz.jpg]
[math.iisc.ac.in/students_images/stu-sau.jpg]
[math.iisc.ac.in/students_images/stu-bcs.jpg]
[math.iisc.ac.in/students_images/stu-pita.jpg]
[math.iisc.ac.in/students_images/stu-amar.jpg]
[math.iisc.ac.in/students_images/stu-hassain.jpg]
[math.iisc.ac.in/students_images/stu_da.jpg]
[math.iisc.ac.in/mathintphd.html]
[math.iisc.ac.in/images/h-people-stu-intdisphd.gif]
[math.iisc.ac.in/people-stu-intdisphd.html]
[math.iisc.ac.in/jrf.html]
[math.iisc.ac.in/_mathbio/SureshCourse.html]
[math.iisc.ac.in/_mathbio/Compact_Course_Arni.html]
[math.iisc.ac.in/_mathbio/QGGAWS.html]
[math.iisc.ac.in/_mathbio/MIDWS.html]
[math.iisc.ac.in/_mathbio/MDDWS.html]
[math.iisc.ac.in/_mathbio/MEWS.html]
[math.iisc.ac.in/_mathbio/PSFFWS.html]
[math.iisc.ac.in/_mathbio/MTLSWS.html]
[math.iisc.ac.in/_mathbio/MPWS.html]
[math.iisc.ac.in/_mathbio/SBMEEWS.html]
[math.iisc.ac.in/_mathbio/MBConf.html]
[math.iisc.ac.in/_mathbio/MiniSymp.html]
[math.iisc.ac.in/_mathbio/TEI Aug.html]
[math.iisc.ac.in/_mathbio/PhD Convener.html]
[math.iisc.ac.in/_mathbio/PhD Participating Faculty.html]
[math.iisc.ac.in/_mathbio/Intvwprocess.html]
[math.iisc.ac.in/_mathbio/PhD Students.html]
[math.iisc.ac.in/_mathbio/propos.html]
[math.iisc.ac.in/Preprints Server  Department of Mathematics, IISc_files/mathestil.html]
[math.iisc.ac.in/_ifcam/pdf/Homogenization.pdf]
[math.iisc.ac.in/_ifcam/pdf/AP-Schemes.pdf]
[math.iisc.ac.in/_ifcam/pdf/Composite.pdf]
[math.iisc.ac.in/_ifcam/pdf/Health-Monitoring.pdf]
[math.iisc.ac.in/_ifcam/pdf/Immunotherapy.pdf]
[math.iisc.ac.in/_ifcam/pdf/Painleve.pdf]
[math.iisc.ac.in/_ifcam/pdf/Communication.pdf]
[math.iisc.ac.in/_ifcam/pdf/SingularPhenomena.pdf]
[math.iisc.ac.in/_ifcam/pdf/GravidUterus.pdf]
[math.iisc.ac.in/_ifcam/pdf/PDE-Control.pdf]
[math.iisc.ac.in/_ifcam/pdf/Observers.pdf]
[math.iisc.ac.in/_ifcam/pdf/turbulence.pdf]
[math.iisc.ac.in/_ifcam/project13.html]
[math.iisc.ac.in/_ifcam/project14.html]
[math.iisc.ac.in/_ifcam/SS2016_Poster.jpg]
[math.iisc.ac.in/_ifcam/IFCAM_NMI_Summer_School_Program_Schedule.pdf]
[math.iisc.ac.in/_ifcam/Summer_School2016.html]
[math.iisc.ac.in/_ifcam/SS_POSTER_2015.pdf]
[math.iisc.ac.in/_ifcam/SummerSchool2015.html]
[math.iisc.ac.in/_ifcam/schedule.pdf]
[math.iisc.ac.in/_ifcam/school.html]
[math.iisc.ac.in/_ifcam/research.html]
[math.iisc.ac.in/_ifcam/download-2.html]
[math.iisc.ac.in/_nmi/images/div-horz-blue.html]
[math.iisc.ac.in/_nmi/images/bak-cell.html]
[math.iisc.ac.in/_nmi/scripts/reset.css]
[math.iisc.ac.in/_nmi/scripts/core.css]
[math.iisc.ac.in/_nmi/scripts/cmxformTemplate.css]
[math.iisc.ac.in/_nmi/scripts/cmxform.css]
[math.iisc.ac.in/_nmi/aboutimi-conveners.html]
[math.iisc.ac.in/_nmi/aboutimi-people-loaf.html]
[math.iisc.ac.in/_nmi/aboutimi-people-visitors.html]
[math.iisc.ac.in/_nmi/aboutimi-people-staff.html]
[math.iisc.ac.in/_nmi/MLDM.html]
[math.iisc.ac.in/_nmi/images/thematicyear.jpg]
[math.iisc.ac.in/_nmi/CIS.html]
[math.iisc.ac.in/_nmi/PTA.html]
[math.iisc.ac.in/_nmi/Networks.html]
[math.iisc.ac.in/_nmi/w&cmb.html]
[math.iisc.ac.in/_nmi/atp-0910.html]
[math.iisc.ac.in/_nmi/atp-0809.html]
[math.iisc.ac.in/_nmi/atp-0708.html]
[math.iisc.ac.in/_nmi/atp-0607.html]
[math.iisc.ac.in/_nmi/atp-0506.html]
[math.iisc.ac.in/_nmi/atp-0405.html]
[math.iisc.ac.in/images/div-horz-header.html]
[math.iisc.ac.in/images/div-horz-gray.html]
[math.iisc.ac.in/_nmi/otherevents-seminars.html]
[math.iisc.ac.in/_nmi/otherevents-workshops.html]
[math.iisc.ac.in/_nmi/otherevents-workshops-past.html]
[math.iisc.ac.in/_nmi/otherevents-compact.html]
[math.iisc.ac.in/_nmi/otherevents-compact-past.html]
[math.iisc.ac.in/images/div-vert-links.html]
[math.iisc.ac.in/_nmi/otherevents-seminar-nul.html]
[math.iisc.ac.in/_nmi/NDP.html]
[math.iisc.ac.in/_nmi/downloads/PS_CANE.pdf]
[math.iisc.ac.in/_nmi/downloads/PS_CANE_CONF.pdf]
[math.iisc.ac.in/_nmi/CANE.html]
[math.iisc.ac.in/_nmi/downloads/ICAG_2012.pdf]
[math.iisc.ac.in/_nmi/ICAG.html]
[math.iisc.ac.in/_nmi/atp-0708-AAECC-17.html]
[math.iisc.ac.in/_nmi/atp-0809-workshop-nonlinearwaves.html]
[math.iisc.ac.in/_nmi/otherevents-compact-malabika.html]
[math.iisc.ac.in/_nmi/PhD Convener.html]
[math.iisc.ac.in/_nmi/PhD Participating Faculty.html]
[math.iisc.ac.in/_nmi/IntwProcess.html]
[math.iisc.ac.in/_nmi/PhD Students.html]
[math.iisc.ac.in/_nmi/propos.html]
[math.iisc.ac.in/_nmi/PhD Contacts.html]
[math.iisc.ac.in/_nmi/netgames.html]
[math.iisc.ac.in/_nmi/visinfo-handbook.html]
[math.iisc.ac.in/_nmi/downloads/VisitorsGuide.pdf]
[math.iisc.ac.in/_nmi/visinfo-campus.html]
[math.iisc.ac.in/_nmi/images/IIScMap.jpg]
[math.iisc.ac.in/_nmi/visinfo-iiscmap.html]
[math.iisc.ac.in/_nmi/default.html]
[math.iisc.ac.in/_nmi/SDMD_Programme Schedule.pdf]
[math.iisc.ac.in/_nmi/SDMD.html]
[math.iisc.ac.in/_nmi/GTAMD_poster.pdf]
[math.iisc.ac.in/_nmi/GTAMD_Title_and_Abstract.pdf]
[math.iisc.ac.in/_nmi/2015-16-GTMD-schedule.pdf]
[math.iisc.ac.in/_nmi/GTMD_Selected_Participants.pdf]
[math.iisc.ac.in/_nmi/GTMD.html]
[math.iisc.ac.in/_nmi/ICFDGT_Participants.pdf]
[math.iisc.ac.in/_nmi/ICFDGT.html]
[math.iisc.ac.in/_nmi/GTO_Participants.pdf]
[math.iisc.ac.in/_nmi/GTO_poster.pdf]
[math.iisc.ac.in/_nmi/GTO_NP.html]
[math.iisc.ac.in/_nmi/IFCAM_NMI_Summer_School_Program_Schedule.pdf]
[math.iisc.ac.in/_nmi/MLSOPARO_Poster.jpg]
[math.iisc.ac.in/_nmi/MLSOPARO_NP.html]
[math.iisc.ac.in/_nmi/Tentative_Progam_Schedule.pdf]
[math.iisc.ac.in/_nmi/AE_Nature.html]
[math.iisc.ac.in/_nmi/CT_Nature.html]
[math.iisc.ac.in/_nmi/PCTC_Schedule_and_Abstracts.pdf]
[math.iisc.ac.in/_nmi/PCTC_poster.pdf]
[math.iisc.ac.in/_nmi/PCTC_Orgcomm.html]
[math.iisc.ac.in/_gadgil/AlgebraicTopology/images/line-tilecd58.png]
[math.iisc.ac.in/_gadgil/AlgebraicTopology/images/noisecd58.png]
[math.iisc.ac.in/_gadgil/AlgebraicTopology/images/searchcd58.png]
[math.iisc.ac.in/_gadgil/AlgebraicTopology/images/rsscd58.png]
[math.iisc.ac.in/_gadgil/AlgebraicTopology/images/emailcd58.png]
[math.iisc.ac.in/_gadgil/AlgebraicTopology/stylesheets/screen.css]
[math.iisc.ac.in/_gadgil/AlgebraicTopology/images/code_bgcd58.png]
[math.iisc.ac.in/atom.html]
[math.iisc.ac.in/_gadgil/AlgebraicTopology/index.html]
[math.iisc.ac.in/_gadgil/AlgebraicTopology/blog/archives/index.html]
[math.iisc.ac.in/_gadgil/AlgebraicTopology/blog/categories/assignments/index.html]
[math.iisc.ac.in/_gadgil/AlgebraicTopology/blog/categories/announcements/index.html]
[math.iisc.ac.in/_gadgil/AlgebraicTopology/IntroAlgTop.pdf]
[math.iisc.ac.in/_gadgil/AlgebraicTopology/homology.pdf]
[math.iisc.ac.in/_gadgil/AlgebraicTopology/blog/2016/08/05/assignment-homotopy-as-path-of-paths/index.html]
[math.iisc.ac.in/_gadgil/AlgebraicTopology/blog/2016/08/04/fundamental-groupoid/index.html]
[math.iisc.ac.in/_gadgil/AlgebraicTopology/blog/2016/07/21/topology-problems/index.html]
[math.iisc.ac.in/_gadgil/fonts/glyphicons-halflings-regular.eot]
[math.iisc.ac.in/_gadgil/fonts/glyphicons-halflings-regulard41d.eot]
[math.iisc.ac.in/_gadgil/fonts/glyphicons-halflings-regular.woff2]
[math.iisc.ac.in/_gadgil/fonts/glyphicons-halflings-regular.woff]
[math.iisc.ac.in/_gadgil/fonts/glyphicons-halflings-regular.ttf]
[math.iisc.ac.in/_gadgil/css/bootstrap.min.css]
[math.iisc.ac.in/_gadgil/.html]
[math.iisc.ac.in/courses/courses2001/matrixtheory.html]
[math.iisc.ac.in/courses/courses2001/algebra1.html]
[math.iisc.ac.in/courses/courses2001/algebra2.html]
[math.iisc.ac.in/courses/jan-july2007/discrete.html]
[math.iisc.ac.in/courses/courses2001/numbertheory.html]
[math.iisc.ac.in/courses/aug-dec2006/linear-algebra.html]
[math.iisc.ac.in/courses/courses2001/analysis1.html]
[math.iisc.ac.in/courses/courses2001/analysis2.html]
[math.iisc.ac.in/courses/courses2001/func_analysis.html]
[math.iisc.ac.in/courses/courses2001/comp_analysis1.html]
[math.iisc.ac.in/courses/courses2001/op_theory1.html]
[math.iisc.ac.in/courses/jan-july2010/cal-manifols.html]
[math.iisc.ac.in/courses/courses2001/comp_analysis2.html]
[math.iisc.ac.in/courses/jan-july2010/com-analysis.html]
[math.iisc.ac.in/courses/courses2001/topology.html]
[math.iisc.ac.in/courses/courses2001/algeb_topology.html]
[math.iisc.ac.in/courses/courses2001/diff_geometry.html]
[math.iisc.ac.in/courses/courses2001/ode.html]
[math.iisc.ac.in/courses/courses2001/pde.html]
[math.iisc.ac.in/courses/courses2001/math_methods.html]
[math.iisc.ac.in/courses/courses2001/num_methods.html]
[math.iisc.ac.in/courses/courses2001/num_pde.html]
[math.iisc.ac.in/courses/courses2001/num_analysis.html]
[math.iisc.ac.in/courses/aug-dec2006/probability.html]
[math.iisc.ac.in/courses/courses2001/chaos1.html]
[math.iisc.ac.in/courses/courses2001/realanalysis.html]
[math.iisc.ac.in/courses/courses2001/advancedcalculus.html]
[math.iisc.ac.in/courses/jan-july2008/commu_algebra.html]
[math.iisc.ac.in/courses/aug-dec2009/representation.html]
[math.iisc.ac.in/courses/courses2001/analysis3.html]
[math.iisc.ac.in/courses/aug-dec2009/harmonic1.html]
[math.iisc.ac.in/courses/courses2001/op_theory.html]
[math.iisc.ac.in/courses/courses2001/op_theory2.html]
[math.iisc.ac.in/courses/courses2001/func_anal_diff_eqn.html]
[math.iisc.ac.in/courses/jan-july2008/banach.html]
[math.iisc.ac.in/courses/aug-dec2009/Com-Var.html]
[math.iisc.ac.in/courses/aug-dec2009/topology_II.html]
[math.iisc.ac.in/courses/aug-dec2009/topology-geometry.html]
[math.iisc.ac.in/courses/courses2001/topology2.html]
[math.iisc.ac.in/courses/jan-july2006/algebraic.html]
[math.iisc.ac.in/courses/jan-july2007/geometry.html]
[math.iisc.ac.in/courses/courses2001/pde2.html]
[math.iisc.ac.in/courses/courses2001/homo_pde.html]
[math.iisc.ac.in/courses/courses2001/func_analysis2.html]
[math.iisc.ac.in/courses/courses2001/integral.html]
[math.iisc.ac.in/courses/courses2001/pdeandfem.html]
[math.iisc.ac.in/courses/courses2001/probability1.html]
[math.iisc.ac.in/courses/aug-dec2008/Sto_finance-I.html]
[math.iisc.ac.in/courses/courses2001/time.html]
[math.iisc.ac.in/courses/jan-july2009/Sto_finance-II.html]
[math.iisc.ac.in/courses/aug-dec2009/brownian.html]
[math.iisc.ac.in/courses/aug-dec2009/stochastic.html]
[math.iisc.ac.in/courses/courses2001/ctrl_home.html]
[math.iisc.ac.in/courses/courses2001/combustion.html]
[math.iisc.ac.in/courses/jan-july2009/operator_theory.html]
[math.iisc.ac.in/courses/aug-dec2009/graphical.html]
[math.iisc.ac.in/_imi/index.html]
[math.iisc.ac.in/_eprints/index.html]
[math.iisc.ac.in/courses/aug_dec2014/algebra.html]
[math.iisc.ac.in/courses/aug_dec2014/linear_algebra.html]
[math.iisc.ac.in/courses/aug-dec2015/Algebra-I.html]
[math.iisc.ac.in/courses/aug-dec2015/Linear_Algebra.html]
[math.iisc.ac.in/courses/aug-dec2015/Analysis_I_Real_Analysis.html]
[math.iisc.ac.in/courses/aug-dec2015/Topology.html]
[math.iisc.ac.in/courses/aug-dec2015/Probability_Models.html]
[math.iisc.ac.in/courses/aug-dec2015/Functional_Analysis.html]
[math.iisc.ac.in/courses/aug-dec2015/Introduction_to_Algebraic_Topology.html]
[math.iisc.ac.in/courses/aug-dec2015/Introduction_to_Modular_Forms.html]
[math.iisc.ac.in/courses/aug-dec2015/Advanced_PDE_and_Finite_Element_Method.html]
[math.iisc.ac.in/courses/aug-dec2015/Probability_Theory.html]
[math.iisc.ac.in/courses/aug-dec2015/Topics_in_probabilty_and_stochastic_processes.html]
[math.iisc.ac.in/courses/aug-dec2015/Introduction_to_Dynamical_Systems.html]
[math.iisc.ac.in/courses2013AD.html]
[math.iisc.ac.in/courses2014JA.html]
[math.iisc.ac.in/courses/jan-apr2016/Algebra-II.html]
[math.iisc.ac.in/courses/jan-apr2016/Anaysis-II_Measure_and_Integration.html]
[math.iisc.ac.in/courses/jan-apr2016/Complex_Analysis.html]
[math.iisc.ac.in/courses/jan-apr2016/Calculus_on_manifolds.html]
[math.iisc.ac.in/courses/jan-apr2016/Ordinary_Differential_Equation.html]
[math.iisc.ac.in/courses/jan-apr2016/Algebraic_Number_theory.html]
[math.iisc.ac.in/courses/jan-apr2016/Introduction_to_Algebraic_Geometry.html]
[math.iisc.ac.in/courses/jan-apr2016/Lie_Algebras.html]
[math.iisc.ac.in/courses/jan-apr2016/Introduction_to_Analytic_Number_Theory.html]
[math.iisc.ac.in/courses/jan-apr2016/Algebraic_Combinatorics.html]
[math.iisc.ac.in/courses/jan-apr2016/Representation_theory_of_compact_Lie_groups.html]
[math.iisc.ac.in/courses/jan-apr2016/Algebraic_Topology.html]
[math.iisc.ac.in/courses/jan-apr2016/LINEAR_AND_NONLINEAR_TIME_SERIES_ANALYSIS.html]
[math.iisc.ac.in/ugc-cas/design/images/subscribe_bg.html]
[math.iisc.ac.in/ugc-cas/design/images/subscribe_bg_hover.html]
[math.iisc.ac.in/ugc-cas/design/images/signup_bg.html]
[math.iisc.ac.in/ugc-cas/design/images/signup_bg_hover.html]
[math.iisc.ac.in/ugc-cas/design/images/xhtml_bg.html]
[math.iisc.ac.in/ugc-cas/design/images/xhtml_bg_hover.html]
[math.iisc.ac.in/ugc-cas/design/images/css_bg.html]
[math.iisc.ac.in/ugc-cas/design/images/css_bg_hover.html]
[math.iisc.ac.in/_library/b.html]
[math.iisc.ac.in/_library/c.html]
[math.iisc.ac.in/_library/d.html]
[math.iisc.ac.in/_library/e.html]
[math.iisc.ac.in/_library/f.html]
[math.iisc.ac.in/_library/g.html]
[math.iisc.ac.in/_library/h.html]
[math.iisc.ac.in/_library/i.html]
[math.iisc.ac.in/_library/j.html]
[math.iisc.ac.in/_library/k.html]
[math.iisc.ac.in/_library/l.html]
[math.iisc.ac.in/_library/m.html]
[math.iisc.ac.in/_library/n.html]
[math.iisc.ac.in/_library/o.html]
[math.iisc.ac.in/_library/p.html]
[math.iisc.ac.in/_library/q.html]
[math.iisc.ac.in/_library/r.html]
[math.iisc.ac.in/_library/s.html]
[math.iisc.ac.in/_library/t.html]
[math.iisc.ac.in/_library/u.html]
[math.iisc.ac.in/_library/v.html]
[math.iisc.ac.in/_library/w.html]
[math.iisc.ac.in/_library/x.html]
[math.iisc.ac.in/_library/y.html]
[math.iisc.ac.in/_library/z.html]
[math.iisc.ac.in/_library/default123.css]
[math.iisc.ac.in/auto_forms/Form_files/jspdf_005.js]
[math.iisc.ac.in/auto_forms/Form_files/adler32cs.js]
[math.iisc.ac.in/auto_forms/Form_files/FileSaver.js]
[math.iisc.ac.in/auto_forms/Form_files/BlobBuilder.js]
[math.iisc.ac.in/auto_forms/Form_files/jspdf_002.js]
[math.iisc.ac.in/auto_forms/Form_files/jspdf.js]
[math.iisc.ac.in/auto_forms/Form_files/jspdf_004.js]
[math.iisc.ac.in/auto_forms/Form_files/jspdf_003.js]
[math.iisc.ac.in/auto_forms/Form_files/IISclogo.jpg]
[math.iisc.ac.in/auto_forms/LeaveForm.html]
[math.iisc.ac.in/auto_forms/PROForm.html]
[math.iisc.ac.in/auto_forms/VisitorForm_combined.html]
[math.iisc.ac.in/pastevents-conf/conf2.html]
[math.iisc.ac.in/pastevents-conf/smgree_1.gif]
[math.iisc.ac.in/pastevents-conf/at_work.gif]
[math.iisc.ac.in/pastevents-conf/rule6.gif]
[math.iisc.ac.in/pastevents-conf/conf.html]
[math.iisc.ac.in/pastevents-conf/home.gif]
[math.iisc.ac.in/seminars2012/jan28.html]
[math.iisc.ac.in/seminars2012/jan17.html]
[math.iisc.ac.in/seminars2012/dec31.html]
[math.iisc.ac.in/seminars2012/dec14.html]
[math.iisc.ac.in/seminars2012/dec3.html]
[math.iisc.ac.in/seminars2012/nov29.html]
[math.iisc.ac.in/seminars2012/nov277.html]
[math.iisc.ac.in/seminars2012/nov27.html]
[math.iisc.ac.in/seminars2012/nov26.html]
[math.iisc.ac.in/seminars2012/nov21.html]
[math.iisc.ac.in/seminars2012/nov15.html]
[math.iisc.ac.in/seminars2012/oct30.html]
[math.iisc.ac.in/seminars2012/oct299.html]
[math.iisc.ac.in/seminars2012/oct29.html]
[math.iisc.ac.in/seminars2012/oct17.html]
[math.iisc.ac.in/seminars2012/oct9.html]
[math.iisc.ac.in/seminars2012/oct5.html]
[math.iisc.ac.in/seminars2012/sep266.html]
[math.iisc.ac.in/seminars2012/sep26.html]
[math.iisc.ac.in/seminars2012/sep14.html]
[math.iisc.ac.in/seminars2012/sep3.html]
[math.iisc.ac.in/seminars2012/aug30.html]
[math.iisc.ac.in/seminars2012/aug24.html]
[math.iisc.ac.in/seminars2012/aug244.html]
[math.iisc.ac.in/seminars2012/aug9.html]
[math.iisc.ac.in/seminars2012/aug8.html]
[math.iisc.ac.in/seminars2012/july31.html]
[math.iisc.ac.in/seminars2012/july300.html]
[math.iisc.ac.in/seminars2012/july3000.html]
[math.iisc.ac.in/seminars2012/july30.html]
[math.iisc.ac.in/seminars2012/july25.html]
[math.iisc.ac.in/seminars2012/july177.html]
[math.iisc.ac.in/seminars2012/july17.html]
[math.iisc.ac.in/seminars2012/july133.html]
[math.iisc.ac.in/seminars2012/july13.html]
[math.iisc.ac.in/seminars2012/july12.html]
[math.iisc.ac.in/seminars2012/july10.html]
[math.iisc.ac.in/seminars2012/jul10.html]
[math.iisc.ac.in/seminars2012/jun299.html]
[math.iisc.ac.in/seminars2012/jun29.html]
[math.iisc.ac.in/seminars2012/jun28.html]
[math.iisc.ac.in/seminars2012/jun22.html]
[math.iisc.ac.in/seminars2012/jun8.html]
[math.iisc.ac.in/seminars2012/jun7.html]
[math.iisc.ac.in/seminars2012/jun6.html]
[math.iisc.ac.in/seminars2012/may311.html]
[math.iisc.ac.in/seminars2012/may31.html]
[math.iisc.ac.in/seminars2012/may242.html]
[math.iisc.ac.in/seminars2012/may24.html]
[math.iisc.ac.in/seminars2012/may233.html]
[math.iisc.ac.in/seminars2012/may23.html]
[math.iisc.ac.in/seminars2012/may22.html]
[math.iisc.ac.in/seminars2012/may21.html]
[math.iisc.ac.in/seminars2012/may18.html]
[math.iisc.ac.in/seminars2012/may155.html]
[math.iisc.ac.in/seminars2012/may15.html]
[math.iisc.ac.in/seminars2012/may4.html]
[math.iisc.ac.in/seminars2012/apr30.html]
[math.iisc.ac.in/seminars2012/apr26.html]
[math.iisc.ac.in/seminars2012/apr25.html]
[math.iisc.ac.in/seminars2012/abstract_Gallistl.pdf]
[math.iisc.ac.in/seminars2012/mar28.html]
[math.iisc.ac.in/seminars2012/abstract_Schedensack.pdf]
[math.iisc.ac.in/seminars2012/mar288.html]
[math.iisc.ac.in/seminars2012/mar27.html]
[math.iisc.ac.in/seminars2012/feb277.html]
[math.iisc.ac.in/seminars2012/feb27.html]
[math.iisc.ac.in/seminars2012/feb24.html]
[math.iisc.ac.in/seminars2012/feeb22.html]
[math.iisc.ac.in/seminars2012/feb22.html]
[math.iisc.ac.in/seminars2012/feb20.html]
[math.iisc.ac.in/seminars2012/feb23.html]
[math.iisc.ac.in/seminars2012/feb8.html]
[math.iisc.ac.in/seminars2012/jan300.html]
[math.iisc.ac.in/seminars2012/jan30.html]
[math.iisc.ac.in/seminars2012/jan27.html]
[math.iisc.ac.in/seminars2012/jan25.html]
[math.iisc.ac.in/seminars2012/jan24.html]
[math.iisc.ac.in/seminars2012/jan23.html]
[math.iisc.ac.in/seminars2012/jan4.html]
[math.iisc.ac.in/seminars2011/dec23.html]
[math.iisc.ac.in/seminars2011/dec19.html]
[math.iisc.ac.in/seminars2011/dec15.html]
[math.iisc.ac.in/seminars2011/dec133.html]
[math.iisc.ac.in/seminars2011/dec7.html]
[math.iisc.ac.in/seminars2011/nov23.html]
[math.iisc.ac.in/seminars2011/nov21.html]
[math.iisc.ac.in/seminars2011/oct20.html]
[math.iisc.ac.in/seminars2011/oct19.html]
[math.iisc.ac.in/seminars2011/oct18.html]
[math.iisc.ac.in/seminars2011/sep23.html]
[math.iisc.ac.in/seminars2011/sep16.html]
[math.iisc.ac.in/seminars2011/aug26.html]
[math.iisc.ac.in/seminars2011/aug25.html]
[math.iisc.ac.in/seminars2011/aug19.html]
[math.iisc.ac.in/seminars2011/aug17.html]
[math.iisc.ac.in/seminars2011/aug12.html]
[math.iisc.ac.in/seminars2011/aug8.html]
[math.iisc.ac.in/seminars2011/aug5.html]
[math.iisc.ac.in/seminars2011/july29.html]
[math.iisc.ac.in/seminars2011/july25.html]
[math.iisc.ac.in/seminars2011/july22.html]
[math.iisc.ac.in/seminars2011/july20.html]
[math.iisc.ac.in/seminars2011/july13.html]
[math.iisc.ac.in/seminars2011/jul13.html]
[math.iisc.ac.in/seminars2011/june30.html]
[math.iisc.ac.in/seminars2011/june28.html]
[math.iisc.ac.in/seminars2011/june22.html]
[math.iisc.ac.in/seminars2011/may20.html]
[math.iisc.ac.in/seminars2011/apr29.html]
[math.iisc.ac.in/seminars2011/apr18.html]
[math.iisc.ac.in/seminars2011/apr20.html]
[math.iisc.ac.in/seminars2011/apr1.html]
[math.iisc.ac.in/seminars2011/mar7.html]
[math.iisc.ac.in/seminars2011/mar1.html]
[math.iisc.ac.in/seminars2011/feb23.html]
[math.iisc.ac.in/seminars2011/feb22.html]
[math.iisc.ac.in/seminars2011/feb11.html]
[math.iisc.ac.in/seminars2011/jan28.html]
[math.iisc.ac.in/seminars2011/jan21.html]
[math.iisc.ac.in/seminars2011/janu21.html]
[math.iisc.ac.in/seminars2011/jan20.html]
[math.iisc.ac.in/seminars2011/jan19.html]
[math.iisc.ac.in/seminars2011/jan18.html]
[math.iisc.ac.in/seminars2009/dec31.html]
[math.iisc.ac.in/seminars2009/decem29.html]
[math.iisc.ac.in/seminars2009/dece29.html]
[math.iisc.ac.in/seminars2009/dec29.html]
[math.iisc.ac.in/seminars2009/dec22.html]
[math.iisc.ac.in/seminars2009/dece21.html]
[math.iisc.ac.in/seminars2009/dec21.html]
[math.iisc.ac.in/seminars2009/dec11.html]
[math.iisc.ac.in/seminars2009/dec7.html]
[math.iisc.ac.in/seminars2009/dec1.html]
[math.iisc.ac.in/seminars2009/nov30.html]
[math.iisc.ac.in/seminars2009/oct21.html]
[math.iisc.ac.in/seminars2009/oct19.html]
[math.iisc.ac.in/seminars2009/sep02.html]
[math.iisc.ac.in/seminars2009/sep01.html]
[math.iisc.ac.in/seminars2009/aug28.html]
[math.iisc.ac.in/seminars2009/aug21.html]
[math.iisc.ac.in/seminars2009/aug14.html]
[math.iisc.ac.in/seminars2009/aug4.html]
[math.iisc.ac.in/seminars2009/july30.html]
[math.iisc.ac.in/seminars2009/jul24.html]
[math.iisc.ac.in/seminars2009/jul20.html]
[math.iisc.ac.in/seminars2009/jul7.html]
[math.iisc.ac.in/seminars2009/july1.html]
[math.iisc.ac.in/seminars2009/may20.html]
[math.iisc.ac.in/seminars2009/feb25.html]
[math.iisc.ac.in/seminars2009/feb12.html]
[math.iisc.ac.in/seminars2009/jan15.html]
[math.iisc.ac.in/seminars2009/jan02.html]
[math.iisc.ac.in/seminars2008/dec26.html]
[math.iisc.ac.in/seminars2008/dec24.html]
[math.iisc.ac.in/seminars2008/dec23.html]
[math.iisc.ac.in/seminars2008/dec22.html]
[math.iisc.ac.in/seminars2008/dec17.html]
[math.iisc.ac.in/seminars2008/Dec16.html]
[math.iisc.ac.in/seminars2008/dec16-2.html]
[math.iisc.ac.in/seminars2008/dec02.html]
[math.iisc.ac.in/seminars2008/nov11.html]
[math.iisc.ac.in/seminars2008/nov06.html]
[math.iisc.ac.in/seminars2008/nov6.html]
[math.iisc.ac.in/seminars2008/nov03.html]
[math.iisc.ac.in/seminars2008/oct28.html]
[math.iisc.ac.in/seminars2008/sep12.html]
[math.iisc.ac.in/seminars2008/sep02.html]
[math.iisc.ac.in/seminars2008/aug29.html]
[math.iisc.ac.in/seminars2008/aug27.html]
[math.iisc.ac.in/seminars2008/aug25.html]
[math.iisc.ac.in/seminars2008/aug22.html]
[math.iisc.ac.in/seminars2008/aug-22.html]
[math.iisc.ac.in/seminars2008/aug13.html]
[math.iisc.ac.in/seminars2008/aug12.html]
[math.iisc.ac.in/seminars2008/aug6.html]
[math.iisc.ac.in/seminars2008/aug5.html]
[math.iisc.ac.in/seminars2008/aug4.html]
[math.iisc.ac.in/seminars2008/july-29.html]
[math.iisc.ac.in/seminars2008/july29.html]
[math.iisc.ac.in/seminars2008/july23.html]
[math.iisc.ac.in/seminars2008/july16.html]
[math.iisc.ac.in/seminars2008/july08.html]
[math.iisc.ac.in/seminars2008/june24.html]
[math.iisc.ac.in/seminars2008/june10.html]
[math.iisc.ac.in/seminars2008/may23.html]
[math.iisc.ac.in/seminars2008/may21.html]
[math.iisc.ac.in/seminars2008/may19.html]
[math.iisc.ac.in/seminars2008/apr_24.html]
[math.iisc.ac.in/seminars2008/apr24.html]
[math.iisc.ac.in/seminars2008/apr11.html]
[math.iisc.ac.in/seminars2008/apr09.html]
[math.iisc.ac.in/seminars2008/apr08.html]
[math.iisc.ac.in/seminars2008/apr04.html]
[math.iisc.ac.in/seminars2008/apr03.html]
[math.iisc.ac.in/seminars2008/mar28.html]
[math.iisc.ac.in/seminars2008/mar20.html]
[math.iisc.ac.in/seminars2008/mar19.html]
[math.iisc.ac.in/seminars2008/mar18.html]
[math.iisc.ac.in/seminars2008/feb28.html]
[math.iisc.ac.in/seminars2008/feb22.html]
[math.iisc.ac.in/seminars2008/feb20.html]
[math.iisc.ac.in/seminars2008/feb15.html]
[math.iisc.ac.in/seminars2008/feb11.html]
[math.iisc.ac.in/seminars2008/febra11.html]
[math.iisc.ac.in/seminars2008/feb06.html]
[math.iisc.ac.in/seminars2008/feb05.html]
[math.iisc.ac.in/seminars2008/feb04.html]
[math.iisc.ac.in/seminars2008/feb1.html]
[math.iisc.ac.in/seminars2008/jan21.html]
[math.iisc.ac.in/seminars2008/jan18.html]
[math.iisc.ac.in/seminars2008/jan17.html]
[math.iisc.ac.in/seminars2008/jan8.html]
[math.iisc.ac.in/seminars2008/Jan4.html]
[math.iisc.ac.in/seminars2007/dec26.html]
[math.iisc.ac.in/seminars2007/dec20.html]
[math.iisc.ac.in/seminars2007/dec19.html]
[math.iisc.ac.in/seminars2007/dec18.html]
[math.iisc.ac.in/seminars2007/dec14.html]
[math.iisc.ac.in/seminars2007/dec07.html]
[math.iisc.ac.in/seminars2007/dec7.html]
[math.iisc.ac.in/seminars2007/dec06.html]
[math.iisc.ac.in/seminars2007/nov30.html]
[math.iisc.ac.in/seminars2007/nov23.html]
[math.iisc.ac.in/seminars2007/nov16.html]
[math.iisc.ac.in/seminars2007/nov13.html]
[math.iisc.ac.in/seminars2007/nov12.html]
[math.iisc.ac.in/seminars2007/nov6.html]
[math.iisc.ac.in/seminars2007/oct26.html]
[math.iisc.ac.in/seminars2007/sep28.html]
[math.iisc.ac.in/seminars2007/sept24.html]
[math.iisc.ac.in/seminars2007/sep24.html]
[math.iisc.ac.in/seminars2007/sep14.html]
[math.iisc.ac.in/seminars2007/sep07.html]
[math.iisc.ac.in/seminars2007/sep05.html]
[math.iisc.ac.in/seminars2007/aug31.html]
[math.iisc.ac.in/seminars2007/aug8.html]
[math.iisc.ac.in/seminars2007/aug10.html]
[math.iisc.ac.in/seminars2007/aug2.html]
[math.iisc.ac.in/seminars2007/aug1.html]
[math.iisc.ac.in/seminars2007/july27.html]
[math.iisc.ac.in/seminars2007/jun29.html]
[math.iisc.ac.in/seminars2007/june28.html]
[math.iisc.ac.in/seminars2007/june19.html]
[math.iisc.ac.in/seminars2007/june15.html]
[math.iisc.ac.in/seminars2007/jun14.html]
[math.iisc.ac.in/seminars2007/june11.html]
[math.iisc.ac.in/seminars2007/may21.html]
[math.iisc.ac.in/seminars2007/may14.html]
[math.iisc.ac.in/seminars2007/May09.html]
[math.iisc.ac.in/seminars2007/apr30.html]
[math.iisc.ac.in/seminars2007/apr23.html]
[math.iisc.ac.in/seminars2007/apr16.html]
[math.iisc.ac.in/seminars2007/apr13.html]
[math.iisc.ac.in/seminars2007/apr02.html]
[math.iisc.ac.in/seminars2007/gsmar28.html]
[math.iisc.ac.in/seminars2007/mar26.html]
[math.iisc.ac.in/seminars2007/mar23.html]
[math.iisc.ac.in/seminars2007/mar14.html]
[math.iisc.ac.in/seminars2007/mar08.html]
[math.iisc.ac.in/seminars2007/feb28.html]
[math.iisc.ac.in/seminars2007/feb27.html]
[math.iisc.ac.in/seminars2007/feb23.html]
[math.iisc.ac.in/seminars2007/sample.html]
[math.iisc.ac.in/seminars2007/feb16.html]
[math.iisc.ac.in/seminars2007/feb14.html]
[math.iisc.ac.in/seminars2007/feb09.html]
[math.iisc.ac.in/seminars2007/feb05.html]
[math.iisc.ac.in/seminars2007/feb02.html]
[math.iisc.ac.in/seminars2007/jan31.html]
[math.iisc.ac.in/seminars2007/jan29.html]
[math.iisc.ac.in/seminars2007/jan23.html]
[math.iisc.ac.in/seminars2007/jan18.html]
[math.iisc.ac.in/seminars2007/gssjan17.html]
[math.iisc.ac.in/seminars2007/jan11.html]
[math.iisc.ac.in/seminars2007/jan09.html]
[math.iisc.ac.in/seminars2007/jan04.html]
[math.iisc.ac.in/seminars2007/jan02.html]
[math.iisc.ac.in/seminar2006/dec19.html]
[math.iisc.ac.in/seminar2006/dec18.html]
[math.iisc.ac.in/seminar2006/dec15.html]
[math.iisc.ac.in/seminar2006/dec08.html]
[math.iisc.ac.in/seminar2006/dec01.html]
[math.iisc.ac.in/seminar2006/nov28.html]
[math.iisc.ac.in/seminar2006/nov24.html]
[math.iisc.ac.in/seminar2006/nov17.html]
[math.iisc.ac.in/seminar2006/gssnov16.html]
[math.iisc.ac.in/seminar2006/nov10.html]
[math.iisc.ac.in/seminar2006/nov03.html]
[math.iisc.ac.in/seminar2006/oct27.html]
[math.iisc.ac.in/seminar2006/oct26.html]
[math.iisc.ac.in/seminar2006/oct13.html]
[math.iisc.ac.in/seminar2006/oct06.html]
[math.iisc.ac.in/seminar2006/gssoct05.html]
[math.iisc.ac.in/seminar2006/gsssep07.html]
[math.iisc.ac.in/seminar2006/aug31.html]
[math.iisc.ac.in/seminar2006/aug28.html]
[math.iisc.ac.in/seminar2006/gssaug22.html]
[math.iisc.ac.in/seminar2006/aug18.html]
[math.iisc.ac.in/seminar2006/aug17.html]
[math.iisc.ac.in/seminar2006/aug11.html]
[math.iisc.ac.in/seminar2006/aug9.html]
[math.iisc.ac.in/seminar2006/july27.html]
[math.iisc.ac.in/seminar2006/july26.html]
[math.iisc.ac.in/seminar2006/july25.html]
[math.iisc.ac.in/seminar2006/july24-28.html]
[math.iisc.ac.in/seminar2006/july21.html]
[math.iisc.ac.in/seminar2006/july14.html]
[math.iisc.ac.in/seminar2006/july07.html]
[math.iisc.ac.in/seminar2006/gssjune27.html]
[math.iisc.ac.in/seminar2006/gssmay30.html]
[math.iisc.ac.in/seminar2006/may29.html]
[math.iisc.ac.in/seminar2006/gssmay23.html]
[math.iisc.ac.in/seminar2006/gssmay16.html]
[math.iisc.ac.in/seminar2006/gssmay02.html]
[math.iisc.ac.in/seminar2006/apr28.html]
[math.iisc.ac.in/seminar2006/gssapril25.html]
[math.iisc.ac.in/seminar2006/apr21.html]
[math.iisc.ac.in/seminar2006/gssapril18.html]
[math.iisc.ac.in/seminar2006/gssapril10.html]
[math.iisc.ac.in/seminar2006/gssapril4.html]
[math.iisc.ac.in/seminar2006/mar24.html]
[math.iisc.ac.in/seminar2006/mar10.html]
[math.iisc.ac.in/seminar2006/feb24.html]
[math.iisc.ac.in/seminar2006/feb10.html]
[math.iisc.ac.in/seminar2006/jan27.html]
[math.iisc.ac.in/seminar2006/jan13.html]
[math.iisc.ac.in/seminar2006/jan06.html]
[math.iisc.ac.in/seminar2006/jan3.html]
[math.iisc.ac.in/seminar2005/sedec23.html]
[math.iisc.ac.in/seminar2005/sedec09.html]
[math.iisc.ac.in/seminar2005/senov11.html]
[math.iisc.ac.in/seminar2005/seoct21.html]
[math.iisc.ac.in/seminar2005/seoct20.html]
[math.iisc.ac.in/seminar2005/seoct18.html]
[math.iisc.ac.in/seminar2005/seoct07.html]
[math.iisc.ac.in/seminar2005/sesep26-30.html]
[math.iisc.ac.in/seminar2005/sesep23.html]
[math.iisc.ac.in/seminar2005/sesep19.html]
[math.iisc.ac.in/seminar2005/sesep15.html]
[math.iisc.ac.in/seminar2005/sesep12.html]
[math.iisc.ac.in/seminar2005/sesep09.html]
[math.iisc.ac.in/seminar2005/seaug25.html]
[math.iisc.ac.in/seminar2005/seaug24.html]
[math.iisc.ac.in/seminar2005/seaug22.html]
[math.iisc.ac.in/seminar2005/seaug17.html]
[math.iisc.ac.in/seminar2005/seaug12.html]
[math.iisc.ac.in/seminar2005/seaug09.html]
[math.iisc.ac.in/seminar2005/seaug02.html]
[math.iisc.ac.in/seminar2005/sejul01.html]
[math.iisc.ac.in/seminar2005/sejun27.html]
[math.iisc.ac.in/seminar2005/sejun22.html]
[math.iisc.ac.in/seminar2005/sejun21.html]
[math.iisc.ac.in/seminar2005/sejun03.html]
[math.iisc.ac.in/seminar2005/semay31.html]
[math.iisc.ac.in/seminar2005/semay24-2.html]
[math.iisc.ac.in/seminar2005/semay24-1.html]
[math.iisc.ac.in/seminar2005/semay05.html]
[math.iisc.ac.in/seminar2005/semay02.html]
[math.iisc.ac.in/seminar2005/seapr21.html]
[math.iisc.ac.in/seminar2005/semar28.html]
[math.iisc.ac.in/seminar2005/semar18.html]
[math.iisc.ac.in/seminar2005/semar11.html]
[math.iisc.ac.in/seminar2005/sefeb28.html]
[math.iisc.ac.in/seminar2005/sefeb22.html]
[math.iisc.ac.in/seminar2005/sefeb15.html]
[math.iisc.ac.in/seminar2005/sefeb08.html]
[math.iisc.ac.in/seminar2005/sejan28.html]
[math.iisc.ac.in/seminar2005/sejan20-2.html]
[math.iisc.ac.in/seminar2005/sejan20-1.html]
[math.iisc.ac.in/seminar2005/sejan18.html]
[math.iisc.ac.in/seminar2005/sejan17.html]
[math.iisc.ac.in/seminar2005/sejan11-2.html]
[math.iisc.ac.in/seminar2005/sejan11-1.html]
[math.iisc.ac.in/seminar2005/sejan10.html]
[math.iisc.ac.in/seminar/sedec21.html]
[math.iisc.ac.in/seminar/sedec20.html]
[math.iisc.ac.in/seminar/sedec13.html]
[math.iisc.ac.in/seminar/sedec06.html]
[math.iisc.ac.in/seminar/senov29.html]
[math.iisc.ac.in/seminar/senov22.html]
[math.iisc.ac.in/seminar/senov19.html]
[math.iisc.ac.in/seminar/senov11.html]
[math.iisc.ac.in/seminar/senov05.html]
[math.iisc.ac.in/seminar/seoct29.html]
[math.iisc.ac.in/seminar/seoct25.html]
[math.iisc.ac.in/seminar/seoct18.html]
[math.iisc.ac.in/seminar/seoct15.html]
[math.iisc.ac.in/seminar/seoct8.html]
[math.iisc.ac.in/seminar/sesep24.html]
[math.iisc.ac.in/seminar/sesep17.html]
[math.iisc.ac.in/seminar/seaug25.html]
[math.iisc.ac.in/seminar/seaug6.html]
[math.iisc.ac.in/seminar/seaug2.html]
[math.iisc.ac.in/seminar/sejul29.html]
[math.iisc.ac.in/seminar/sejul28-2.html]
[math.iisc.ac.in/seminar/sejul28-1.html]
[math.iisc.ac.in/seminar/sejul26-2.html]
[math.iisc.ac.in/seminar/sejul26-1.html]
[math.iisc.ac.in/seminar/seju29.html]
[math.iisc.ac.in/seminar/sejun28.html]
[math.iisc.ac.in/seminar/seju28.html]
[math.iisc.ac.in/seminar/seju25.html]
[math.iisc.ac.in/seminar/sa20.html]
[math.iisc.ac.in/seminar/sa7.html]
[math.iisc.ac.in/seminar/sa30.html]
[math.iisc.ac.in/seminar/sa23.html]
[math.iisc.ac.in/seminar/sa22.html]
[math.iisc.ac.in/seminar/sa21.html]
[math.iisc.ac.in/seminar/sa8.html]
[math.iisc.ac.in/seminar/sa31.html]
[math.iisc.ac.in/seminar/sa12.html]
[math.iisc.ac.in/seminar/av.html]
[math.iisc.ac.in/seminar/ds.html]
[math.iisc.ac.in/seminar/si.html]
[math.iisc.ac.in/seminars2016/dec17_files/injection_graph_func.html]
[math.iisc.ac.in/_bharali/thesis.ps]
[math.iisc.ac.in/_bharali/education.html]
[math.iisc.ac.in/_bharali/research.html]
[math.iisc.ac.in/_bharali/Goldilocks_final-version_2016-02.pdf]
[math.iisc.ac.in/_bharali/mu_domains_ver2014-10.ps]
[math.iisc.ac.in/_bharali/mu_domains_ver2014-10.pdf]
[math.iisc.ac.in/_bharali/cplxGeodesics_2015_web.ps]
[math.iisc.ac.in/_bharali/cplxGeodesics_2015_web.pdf]
[math.iisc.ac.in/_bharali/fcc.pdf]
[math.iisc.ac.in/_bharali/propMap_bddSymm_newestVer.ps]
[math.iisc.ac.in/_bharali/propMap_bddSymm_newestVer.pdf]
[math.iisc.ac.in/_bharali/corrDyn_ver2014-11.ps]
[math.iisc.ac.in/_bharali/corrDyn_ver2014-11.pdf]
[math.iisc.ac.in/_bharali/rigidity_ver3-oct2013.ps]
[math.iisc.ac.in/_bharali/rigidity_ver3-oct2013.pdf]
[math.iisc.ac.in/_bharali/Poly-II_ver2011.ps]
[math.iisc.ac.in/_bharali/Poly-II_ver2011.pdf]
[math.iisc.ac.in/_bharali/genlofAxler-Shields_06-10v2.ps]
[math.iisc.ac.in/_bharali/genlofAxler-Shields_06-10v2.pdf]
[math.iisc.ac.in/_bharali/bumpModels.ps]
[math.iisc.ac.in/_bharali/bumpModels.pdf]
[math.iisc.ac.in/_bharali/BishopDisc_v2011.ps]
[math.iisc.ac.in/_bharali/BishopDisc_v2011.pdf]
[math.iisc.ac.in/_bharali/infBergman_final.ps]
[math.iisc.ac.in/_bharali/infBergman_final.pdf]
[math.iisc.ac.in/_bharali/C3bump_submit.ps]
[math.iisc.ac.in/_bharali/C3bump_submit.pdf]
[math.iisc.ac.in/_bharali/specBall_IEOT07.ps]
[math.iisc.ac.in/_bharali/specBall_IEOT07.pdf]
[math.iisc.ac.in/_bharali/nonNegMat_submit.ps]
[math.iisc.ac.in/_bharali/nonNegMat_submit.pdf]
[math.iisc.ac.in/_bharali/polyApprx_JFA06.ps]
[math.iisc.ac.in/_bharali/polyApprx_JFA06.pdf]
[math.iisc.ac.in/_bharali/polyCvx_MMJ05.ps]
[math.iisc.ac.in/_bharali/polyCvx_MMJ05.pdf]
[math.iisc.ac.in/_bharali/HartogsChirka05.ps]
[math.iisc.ac.in/_bharali/HartogsChirka05.pdf]
[math.iisc.ac.in/_bharali/C2PeakInt05.ps]
[math.iisc.ac.in/_bharali/C2PeakInt05.pdf]
[math.iisc.ac.in/_bharali/CnvxPeakInt04.ps]
[math.iisc.ac.in/_bharali/CnvxPeakInt04.pdf]
[math.iisc.ac.in/_bharali/AnaInterp02.ps]
[math.iisc.ac.in/_bharali/AnaInterp02.pdf]
[math.iisc.ac.in/_bharali/GnrlChirka01.ps]
[math.iisc.ac.in/_bharali/GnrlChirka01.pdf]
[math.iisc.ac.in/_bharali/pubs.html]
[math.iisc.ac.in/_bharali/CurVita.html]
[math.iisc.ac.in/_bharali/bharali_ATMW2010-lec1.pdf]
[math.iisc.ac.in/_bharali/bharali_ATMW2010-lec2.pdf]
[math.iisc.ac.in/_bharali/bharali_ATMW2010-lec3.pdf]
[math.iisc.ac.in/_bharali/bharali_ATMW2010-lec4.pdf]
[math.iisc.ac.in/_bharali/bharali_ATMW2010-lec5.pdf]
[math.iisc.ac.in/_bharali/bharali_ATMW2010-lec6.pdf]
[math.iisc.ac.in/_bharali/links.html]
[math.iisc.ac.in/_bharali/MA222-2017/handout1_s17.pdf]
[math.iisc.ac.in/_bharali/MA222-2017/hw1_s17.pdf]
[math.iisc.ac.in/_bharali/teaching.html]
[math.iisc.ac.in/_tirtha/images/img02.gif]
[math.iisc.ac.in/_tirtha/images/img01.gif]
[math.iisc.ac.in/_tirtha/style.css]
[math.iisc.ac.in/_tirtha/index-2.html]
[math.iisc.ac.in/_tirtha/co-auths.html]
[math.iisc.ac.in/_tirtha/rese_grants.html]
[math.iisc.ac.in/_tirtha/publi.html]
[math.iisc.ac.in/_tirtha/problemset1.pdf]
[math.iisc.ac.in/_tirtha/problem_set2.pdf]
[math.iisc.ac.in/_tirtha/PS5.pdf]
[math.iisc.ac.in/_tirtha/Mid_Sem_2015.pdf]
[math.iisc.ac.in/_tirtha/PS3.pdf]
[math.iisc.ac.in/_tirtha/teaching.html]
[math.iisc.ac.in/_tirtha/students.html]
[math.iisc.ac.in/_tirtha/summer.html]
[math.iisc.ac.in/_tirtha/iwota2012.html]
[math.iisc.ac.in/_gadgil/BasicAnalysis/iisclogo.jpg]
[math.iisc.ac.in/_gadgil/BasicAnalysis/javascripts/modernizr-2.0.js]
[math.iisc.ac.in/_gadgil/BasicAnalysis/javascripts/ender.js]
[math.iisc.ac.in/_gadgil/BasicAnalysis/javascripts/octopress.js]
[math.iisc.ac.in/_gadgil/BasicAnalysis/index.html]
[math.iisc.ac.in/_gadgil/tower-of-hanoi/tower-of-hanoi-opt.js]
[math.iisc.ac.in/_gadgil/tower-of-hanoi/index.html]
[math.iisc.ac.in/_gadgil/presentations/lib/js/head.min.js]
[math.iisc.ac.in/_gadgil/presentations/js/reveal.js]
[math.iisc.ac.in/_gadgil/presentations/limits-of-reason.html]
[math.iisc.ac.in/_gadgil/presentations/hott-cover-web.png]
[math.iisc.ac.in/_gadgil/presentations/Mochizuki.pdf]
[math.iisc.ac.in/_gadgil/presentations/Sela.pdf]
[math.iisc.ac.in/_gadgil/presentations/Verjovsky.pdf]
[math.iisc.ac.in/_gadgil/presentations/HoTTlecture.html]
[math.iisc.ac.in/_gadgil/presentations/HomotopySmall.gif]
[math.iisc.ac.in/_gadgil/presentations/Mug_and_Torus_morph.gif]
[math.iisc.ac.in/_gadgil/presentations/240px-Square_ribbon_knot.svg.png]
[math.iisc.ac.in/_gadgil/presentations/AutoMath.html]
[math.iisc.ac.in/_mkg/fonts/JennaSue-webfont.eot]
[math.iisc.ac.in/_mkg/fonts/JennaSue-webfont.ttf]
[math.iisc.ac.in/_mkg/fonts/NewsCycle-Regular.eot]
[math.iisc.ac.in/_mkg/fonts/NewsCycle-Regular.ttf]
[math.iisc.ac.in/_mkg/images/pattern.png]
[math.iisc.ac.in/_mkg/images/transparent.png]
[math.iisc.ac.in/_mkg/images/site_content.png]
[math.iisc.ac.in/_mkg/images/arrows-white.png]
[math.iisc.ac.in/_mkg/images/menu_hover.png]
[math.iisc.ac.in/_mkg/css/style.css]
[math.iisc.ac.in/_mkg/index-2.html]
[math.iisc.ac.in/_mkg/academic.html]
[math.iisc.ac.in/_mkg/research.html]
[math.iisc.ac.in/_mkg/awards.html]
[math.iisc.ac.in/_mkg/teaching.html]
[math.iisc.ac.in/_mkg/Ex1.pdf]
[math.iisc.ac.in/_mkg/Ex2.pdf]
[math.iisc.ac.in/_mkg/Ex3.pdf]
[math.iisc.ac.in/_mkg/Ex4.pdf]
[math.iisc.ac.in/_mkg/Ex5.pdf]
[math.iisc.ac.in/_mkg/Ex6.pdf]
[math.iisc.ac.in/_mkg/Ex7.pdf]
[math.iisc.ac.in/_mkg/Ex8.pdf]
[math.iisc.ac.in/_mkg/Ex9.pdf]
[math.iisc.ac.in/_mkg/Ex10.pdf]
[math.iisc.ac.in/_mkg/Ex11.pdf]
[math.iisc.ac.in/_mkg/Ex12.pdf]
[math.iisc.ac.in/_mkg/Ex13.pdf]
[math.iisc.ac.in/_mkg/Ex14.pdf]
[math.iisc.ac.in/_mkg/exercises.html]
[math.iisc.ac.in/_mkg/Sol1.pdf]
[math.iisc.ac.in/_mkg/Sol2.pdf]
[math.iisc.ac.in/_mkg/Sol3.pdf]
[math.iisc.ac.in/_mkg/Sol4.pdf]
[math.iisc.ac.in/_mkg/Sol5.pdf]
[math.iisc.ac.in/_mkg/Sol6.pdf]
[math.iisc.ac.in/_mkg/Sol7.pdf]
[math.iisc.ac.in/_mkg/Sol8.pdf]
[math.iisc.ac.in/_mkg/Sol9.pdf]
[math.iisc.ac.in/_mkg/Sol10.pdf]
[math.iisc.ac.in/_mkg/Sol11.pdf]
[math.iisc.ac.in/_mkg/Sol12.pdf]
[math.iisc.ac.in/_mkg/Sol13.pdf]
[math.iisc.ac.in/_mkg/Sol14.pdf]
[math.iisc.ac.in/_mkg/solutions.html]
[math.iisc.ac.in/_mkg/Publication_Recent.pdf]
[math.iisc.ac.in/_mkg/Publication.pdf]
[math.iisc.ac.in/_mkg/publications.html]
[math.iisc.ac.in/_gudi/index-2.html]
[math.iisc.ac.in/_gudi/academic.html]
[math.iisc.ac.in/_gudi/teaching.html]
[math.iisc.ac.in/_gudi/adaptivemesh.png]
[math.iisc.ac.in/_gudi/comparison.png]
[math.iisc.ac.in/_gudi/solutions-3d.png]
[math.iisc.ac.in/_gudi/chadaptive.png]
[math.iisc.ac.in/_gudi/research.html]
[math.iisc.ac.in/_gudi/PUBL.html]
[math.iisc.ac.in/w/popee1a.html]
[math.iisc.ac.in/images/hrule.html]
[math.iisc.ac.in/_gm/images/blockquote.png]
[math.iisc.ac.in/_gm/images/info_bg.png]
[math.iisc.ac.in/_gm/images/lala.png]
[math.iisc.ac.in/_gm/images/metadata-bg.png]
[math.iisc.ac.in/_gm/css/stylesheet.css]
[math.iisc.ac.in/_gm/images/bullet.png]
[math.iisc.ac.in/_gm/indexe435.html]
[math.iisc.ac.in/_gm/indexebd4.html]
[math.iisc.ac.in/_gm/index3de1.html]
[math.iisc.ac.in/_gm/sl2.png]
[math.iisc.ac.in/_gm/index5d13.html]
[math.iisc.ac.in/_gm/indexb81e.html]
[math.iisc.ac.in/_gm/index9096.html]
[math.iisc.ac.in/_gm/indexe061.html]
[math.iisc.ac.in/_gm/index4185.html]
[math.iisc.ac.in/_gm/index750f.html]
[math.iisc.ac.in/_gm/index7be0.html]
[math.iisc.ac.in/_nands/images/img04.jpg]
[math.iisc.ac.in/_nands/images/img01.jpg]
[math.iisc.ac.in/_nands/images/img02.jpg]
[math.iisc.ac.in/_nands/images/img03.jpg]
[math.iisc.ac.in/_nands/images/img06.jpg]
[math.iisc.ac.in/_nands/images/img05.jpg]
[math.iisc.ac.in/_nands/images/img08.gif]
[math.iisc.ac.in/_nands/images/img09.jpg]
[math.iisc.ac.in/_nands/style.css]
[math.iisc.ac.in/_nands/images/img07.jpg]
[math.iisc.ac.in/_nands/index-2.html]
[math.iisc.ac.in/_nands/resint1.html]
[math.iisc.ac.in/_nands/2012-InterioControlNRR_Annali.pdf]
[math.iisc.ac.in/_nands/2012-Inv.ProblemVNV_MESA.pdf]
[math.iisc.ac.in/_nands/2010-Tomo-HBRNV-JOSAA.pdf]
[math.iisc.ac.in/_nands/2010-traj-DGNA_Franklin.pdf]
[math.iisc.ac.in/_nands/2010-FIE-MMCCAKN-CMA.pdf]
[math.iisc.ac.in/_nands/2010-FIE-MMAKN-JIE.pdf]
[math.iisc.ac.in/_nands/2009-Tomo-HBNVR-CS.pdf]
[math.iisc.ac.in/_nands/2009OscDE-AKNSP-slovaca.pdf]
[math.iisc.ac.in/_nands/2009-Tomo-HMVAMVAKN-JOSAA.pdf]
[math.iisc.ac.in/_nands/2009-INDE-MMRPAKN-FDE.pdf]
[math.iisc.ac.in/_nands/2009-control_hom-TMAKN-JMAA.pdf]
[math.iisc.ac.in/_nands/2008-IntEqn-MMRPAKN-PanAm.pdf]
[math.iisc.ac.in/_nands/2008-darcyTMAKN-EJDE.pdf]
[math.iisc.ac.in/_nands/2007-Tomo-HMVAMVAKN-JOSAA.pdf]
[math.iisc.ac.in/_nands/2007-dispersion_GDN-JMAA.pdf]
[math.iisc.ac.in/_nands/2006-cahn-hillarad-PDAKN-AMC.pdf]
[math.iisc.ac.in/_nands/2006-Hammerstein-DGN-Industrial.pdf]
[math.iisc.ac.in/_nands/2005-Schro-AKNPKR-JFA.pdf]
[math.iisc.ac.in/_nands/2005-DG-GSNR_DEDS.pdf]
[math.iisc.ac.in/_nands/2004-NFDE-GDN-Mediterr.pdf]
[math.iisc.ac.in/_nands/2004-thermo-AKNRKG-NFA.pdf]
[math.iisc.ac.in/_nands/2003Deg_homo-AKNMRKSM-ASY.pdf]
[math.iisc.ac.in/_nands/2003-HomoSpectral-AKN-AlliedPub.pdf]
[math.iisc.ac.in/_nands/2003-infgame-GNR-JMAA.pdf]
[math.iisc.ac.in/_nands/2002-ParaDiri-AKNMRProcIAS.pdf]
[math.iisc.ac.in/_nands/2002-BC_homo-AKN-EJDE.pdf]
[math.iisc.ac.in/_nands/2001-VisDG-GNRSNotablePub.pdf]
[math.iisc.ac.in/_nands/2002-ParaNeu-AKNMRProcIAS.pdf]
[math.iisc.ac.in/_nands/2001-SMP-GSNR-DEDS.pdf]
[math.iisc.ac.in/_nands/2001-Para_homo-AKNMR-EJDE.pdf]
[math.iisc.ac.in/_nands/2000-Impulsive-ARKGAKN-JMAA.pdf]
[math.iisc.ac.in/_nands/1998-stackelberg-AKN-DEDS.pdf]
[math.iisc.ac.in/_nands/1995-LineThermo-AKNRKG-IndJour.pdf]
[math.iisc.ac.in/_nands/1995-contNonlinear-AKNRKG-Revista.pdf]
[math.iisc.ac.in/_nands/1994-elasticity_homo-AKN-ASY.pdf]
[math.iisc.ac.in/_nands/1992-stokes_homo-AKN-JDIE.pdf]
[math.iisc.ac.in/_nands/2007-Homo-AKN-IISc_journal.pdf]
[math.iisc.ac.in/_nands/2007-Tomo-AKNHMVRMV-PAMM.pdf]
[math.iisc.ac.in/_nands/2004-Int_April-AKN-Resonance.pdf]
[math.iisc.ac.in/_nands/2004-Int_May-AKN-Resonance.pdf]
[math.iisc.ac.in/_nands/2006-Newton-AKN-Resonance.pdf]
[math.iisc.ac.in/_nands/publications.html]
[math.iisc.ac.in/_nands/courses.html]
[math.iisc.ac.in/_nands/teaching.html]
[math.iisc.ac.in/_nands/membs.html]
[math.iisc.ac.in/_nands/link.html]
[math.iisc.ac.in/_nands/contact.html]
[math.iisc.ac.in/_naru/publications.html]
[math.iisc.ac.in/_naru/def.html]
[math.iisc.ac.in/_patil/images/bg_body.png]
[math.iisc.ac.in/_patil/images/style.css]
[math.iisc.ac.in/_patil/chrometheme/new_bg.png]
[math.iisc.ac.in/_patil/chrometheme/chromestyle.css]
[math.iisc.ac.in/_patil/chrometheme/new_bg_hover.png]
[math.iisc.ac.in/_patil/images/bg_top.jpg]
[math.iisc.ac.in/_patil/images/icon_heading.png]
[math.iisc.ac.in/_patil/images/bg_bottom.jpg]
[math.iisc.ac.in/_patil/contact.html]
[math.iisc.ac.in/_patil/academic_qual.html]
[math.iisc.ac.in/_patil/research_interests.html]
[math.iisc.ac.in/_patil/publications.html]
[math.iisc.ac.in/_patil/awards_honors.html]
[math.iisc.ac.in/_patil/positions_held.html]
[math.iisc.ac.in/_patil/visiting_positions.html]
[math.iisc.ac.in/_patil/teaching.html]
[math.iisc.ac.in/_patil/guiding_students.html]
[math.iisc.ac.in/_patil/current_courses.html]
[math.iisc.ac.in/_patil/web_courses.html]
[math.iisc.ac.in/_patil/calendar_forthcoming.html]
[math.iisc.ac.in/_patil/calendar_archives.html]
[math.iisc.ac.in/_patil/scrollnews_recent_events.html]
[math.iisc.ac.in/_patil/scrollnews_fa_links.html]
[math.iisc.ac.in/_patil/current_courses/2016CSA-E0219/2016CSA-E0219-laa-Prerequisites.pdf]
[math.iisc.ac.in/_patil/current_courses/2016CSA-E0219/2016CSA-E0219-laa-SyllabusRef.pdf]
[math.iisc.ac.in/_patil/current_courses/2016CSA-E0219/2016CSA-E0219-laa.html]
[math.iisc.ac.in/_vamsipingali/teaching.html]
[math.iisc.ac.in/_vamsipingali/CV.pdf]
[math.iisc.ac.in/_vamsipingali/MA.pdf]
[math.iisc.ac.in/_vamsipingali/maths.html]
[math.iisc.ac.in/_vamsipingali/contact.html]
[math.iisc.ac.in/_rangaraj/scripts/rangarajan.css]
[math.iisc.ac.in/_rangaraj/academics.html]
[math.iisc.ac.in/_rangaraj/resint.html]
[math.iisc.ac.in/_rangaraj/docs/annu_rev_lie_algebra.pdf]
[math.iisc.ac.in/_rangaraj/docs/pra_wiggler1.pdf]
[math.iisc.ac.in/_rangaraj/docs/pra_wiggler2.pdf]
[math.iisc.ac.in/_rangaraj/docs/prl_moments.pdf]
[math.iisc.ac.in/_rangaraj/docs/prc_nuclear.pdf]
[math.iisc.ac.in/_rangaraj/docs/part_accel_solvable_maps.pdf]
[math.iisc.ac.in/_rangaraj/docs/part_accel_wiggler.pdf]
[math.iisc.ac.in/_rangaraj/docs/pra_moments.pdf]
[math.iisc.ac.in/_rangaraj/docs/nimpra_discrete_cavity_fel.pdf]
[math.iisc.ac.in/_rangaraj/docs/jmp_canonical_rep.pdf]
[math.iisc.ac.in/_rangaraj/docs/nimpra_multi_cavity_fel.pdf]
[math.iisc.ac.in/_rangaraj/docs/optics_comm_multi_cavity_fel.pdf]
[math.iisc.ac.in/_rangaraj/docs/jmp_symplectic.pdf]
[math.iisc.ac.in/_rangaraj/docs/pramana_symplectic.pdf]
[math.iisc.ac.in/_rangaraj/docs/jmp_rep_sp6.pdf]
[math.iisc.ac.in/_rangaraj/docs/grl_cpi.pdf]
[math.iisc.ac.in/_rangaraj/docs/pramana_spherical_aberration.pdf]
[math.iisc.ac.in/_rangaraj/docs/complexity_grd.pdf]
[math.iisc.ac.in/_rangaraj/docs/prl_lyap.pdf]
[math.iisc.ac.in/_rangaraj/docs/jolt_jpa.pdf]
[math.iisc.ac.in/_rangaraj/docs/acs_grd.pdf]
[math.iisc.ac.in/_rangaraj/docs/jiisc_lyap.pdf]
[math.iisc.ac.in/_rangaraj/docs/physicad_two_timescales.pdf]
[math.iisc.ac.in/_rangaraj/docs/pre_moments.pdf]
[math.iisc.ac.in/_rangaraj/docs/pre_lyap.pdf]
[math.iisc.ac.in/_rangaraj/docs/pla_fpt.pdf]
[math.iisc.ac.in/_rangaraj/docs/jpa_solvable.pdf]
[math.iisc.ac.in/_rangaraj/docs/pre_fpt.pdf]
[math.iisc.ac.in/_rangaraj/docs/grl_paleo.pdf]
[math.iisc.ac.in/_rangaraj/docs/pre_long_range.pdf]
[math.iisc.ac.in/_rangaraj/docs/fractals_fpt.pdf]
[math.iisc.ac.in/_rangaraj/docs/pla_polymaps.pdf]
[math.iisc.ac.in/_rangaraj/docs/pla_synchronized.pdf]
[math.iisc.ac.in/_rangaraj/docs/pramana_metric.pdf]
[math.iisc.ac.in/_rangaraj/docs/currsci_paleo.pdf]
[math.iisc.ac.in/_rangaraj/docs/pre_synchronized.pdf]
[math.iisc.ac.in/_rangaraj/docs/pla_Turing_patterns.pdf]
[math.iisc.ac.in/_rangaraj/docs/lnp_fpt.pdf]
[math.iisc.ac.in/_rangaraj/docs/ijmms_so_n.pdf]
[math.iisc.ac.in/_rangaraj/docs/nn_stability.pdf]
[math.iisc.ac.in/_rangaraj/docs/ijmpc_polynomial_maps.pdf]
[math.iisc.ac.in/_rangaraj/docs/fractals_geophysics_preface.pdf]
[math.iisc.ac.in/_rangaraj/docs/fractals_geophysics.pdf]
[math.iisc.ac.in/_rangaraj/docs/jigu_mahi.pdf]
[math.iisc.ac.in/_rangaraj/docs/pla_nonlinear_causality.pdf]
[math.iisc.ac.in/_rangaraj/docs/biol_cyber_causality.pdf]
[math.iisc.ac.in/_rangaraj/docs/cnsns_synchronized.pdf]
[math.iisc.ac.in/_rangaraj/docs/prl_sync_extinction.pdf]
[math.iisc.ac.in/_rangaraj/docs/man_environment_flood_plains.pdf]
[math.iisc.ac.in/_rangaraj/docs/pre_rheochaos.pdf]
[math.iisc.ac.in/_rangaraj/docs/pre_denoising.pdf]
[math.iisc.ac.in/_rangaraj/docs/pre_lattice_size.pdf]
[math.iisc.ac.in/_rangaraj/docs/jiisc_bmi.pdf]
[math.iisc.ac.in/_rangaraj/docs/prl_granger_causality.pdf]
[math.iisc.ac.in/_rangaraj/docs/neuroimage_granger_causality.pdf]
[math.iisc.ac.in/_rangaraj/docs/jcn_spike_train.pdf]
[math.iisc.ac.in/_rangaraj/docs/jnm_denoise.pdf]
[math.iisc.ac.in/_rangaraj/docs/biol_cyber_AMVAR.pdf]
[math.iisc.ac.in/_rangaraj/docs/ijbc_multi_cluster.pdf]
[math.iisc.ac.in/_rangaraj/docs/amc_invariant_norm.pdf]
[math.iisc.ac.in/_rangaraj/docs/orl_credit_risk.pdf]
[math.iisc.ac.in/_rangaraj/docs/epl_sync_multicellular.pdf]
[math.iisc.ac.in/_rangaraj/docs/biol_cyber_block_coherence.pdf]
[math.iisc.ac.in/_rangaraj/docs/jaes_narmada_valley_microtremors.pdf]
[math.iisc.ac.in/_rangaraj/docs/jgsi_high_resolution_facies.pdf]
[math.iisc.ac.in/_rangaraj/docs/pre_amplitude_death.pdf]
[math.iisc.ac.in/_rangaraj/docs/cell_cycle_IDP_cancer.pdf]
[math.iisc.ac.in/_rangaraj/docs/ptrsa_multivariate_granger.pdf]
[math.iisc.ac.in/_rangaraj/docs/pone_granger_downsampling.pdf]
[math.iisc.ac.in/_rangaraj/docs/chaos_frustration.pdf]
[math.iisc.ac.in/_rangaraj/docs/jpcl_velocity_fluctuations.pdf]
[math.iisc.ac.in/_rangaraj/docs/bbr_maternal_separation.pdf]
[math.iisc.ac.in/_rangaraj/docs/pre_granger_noise.pdf]
[math.iisc.ac.in/_rangaraj/docs/pac_1989_emittance.pdf]
[math.iisc.ac.in/_rangaraj/docs/pac_1989_marylie.pdf]
[math.iisc.ac.in/_rangaraj/docs/pac_1991_metric.pdf]
[math.iisc.ac.in/_rangaraj/docs/pac_1991_kick.pdf]
[math.iisc.ac.in/_rangaraj/docs/ncnds_synchronized.pdf]
[math.iisc.ac.in/_rangaraj/docs/icim_poly.pdf]
[math.iisc.ac.in/_rangaraj/images/rangarajan.jpg]
[math.iisc.ac.in/_rangaraj/pubs.html]
[math.iisc.ac.in/_rangaraj/resproj.html]
[math.iisc.ac.in/_rangaraj/awards.html]
[math.iisc.ac.in/_rangaraj/contact.html]
[math.iisc.ac.in/_veluma/real_analysis_notes.pdf]
[math.iisc.ac.in/_veluma/fourier.pdf]
[math.iisc.ac.in/_veluma/teaching.html]
[math.iisc.ac.in/_kverma/images/a1.gif]
[math.iisc.ac.in/_kverma/images/a47.gif]
[math.iisc.ac.in/_kverma/images/a26.gif]
[math.iisc.ac.in/_kverma/images/upbg.gif]
[math.iisc.ac.in/_kverma/images/abg.gif]
[math.iisc.ac.in/_kverma/images/a8.gif]
[math.iisc.ac.in/_kverma/images/a10.jpg]
[math.iisc.ac.in/_kverma/images/a16.gif]
[math.iisc.ac.in/_kverma/images/a18.gif]
[math.iisc.ac.in/_kverma/images/a22.gif]
[math.iisc.ac.in/_kverma/images/a33.gif]
[math.iisc.ac.in/_kverma/images/a41.gif]
[math.iisc.ac.in/_kverma/images/a36.gif]
[math.iisc.ac.in/_kverma/images/a38.gif]
[math.iisc.ac.in/_kverma/default.css]
[math.iisc.ac.in/_kverma/images/a50.gif]
[math.iisc.ac.in/_kverma/index-2.html]
[math.iisc.ac.in/_kverma/academic.html]
[math.iisc.ac.in/_kverma/research.html]
[math.iisc.ac.in/_kverma/publications.html]
[math.iisc.ac.in/ifcaam/images/menu.jpg]
[math.iisc.ac.in/ifcaam/images/footer.jpg]
[math.iisc.ac.in/ifcaam/style.css]
[math.iisc.ac.in/ifcaam/committee.html]
[math.iisc.ac.in/ifcaam/sponsors.html]
[math.iisc.ac.in/ifcaam/project.html]
[math.iisc.ac.in/ifcaam/school.html]
[math.iisc.ac.in/ifcaam/visitors.html]
[math.iisc.ac.in/ifcaam/workshop.html]
[math.iisc.ac.in/ifcaam/contact.html]
[math.iisc.ac.in/index-3.html]
[math.iisc.ac.in/people-stu-intphd.html]
[math.iisc.ac.in/_mathbio/QGGAWSOrgCom.html]
[math.iisc.ac.in/_mathbio/QGGAWSResourcePersons.html]
[math.iisc.ac.in/_mathbio/QGGAWSVenue.html]
[math.iisc.ac.in/_mathbio/MIDWSOrgCom.html]
[math.iisc.ac.in/_mathbio/MIDWSResourcePersons.html]
[math.iisc.ac.in/_mathbio/MIDWSVenue.html]
[math.iisc.ac.in/_mathbio/MIDWSdeadlines.html]
[math.iisc.ac.in/_mathbio/MDDWSOrgCom.html]
[math.iisc.ac.in/_mathbio/MDDWSResourcePersons.html]
[math.iisc.ac.in/_mathbio/MDDWSVenue.html]
[math.iisc.ac.in/_mathbio/MDDWSdeadlines.html]
[math.iisc.ac.in/_mathbio/MEWSOrgCom.html]
[math.iisc.ac.in/_mathbio/MEWSResourcePersons.html]
[math.iisc.ac.in/_mathbio/MEWSVenue.html]
[math.iisc.ac.in/_mathbio/MEWSdeadlines.html]
[math.iisc.ac.in/_mathbio/PSFFWSOrgCom.html]
[math.iisc.ac.in/_mathbio/PSFFWSResourcePersons.html]
[math.iisc.ac.in/_mathbio/PSFFWSVenue.html]
[math.iisc.ac.in/_mathbio/PSFFWSdeadlines.html]
[math.iisc.ac.in/_mathbio/MTLSWSOrgCom.html]
[math.iisc.ac.in/_mathbio/MTLSWSResourcePersons.html]
[math.iisc.ac.in/_mathbio/MTLSWSVenue.html]
[math.iisc.ac.in/_mathbio/MTLSWSdeadlines.html]
[math.iisc.ac.in/_mathbio/MPWSOrgCom.html]
[math.iisc.ac.in/_mathbio/MPWSResourcePersons.html]
[math.iisc.ac.in/_mathbio/MPWSVenue.html]
[math.iisc.ac.in/_mathbio/MPWSdeadlines.html]
[math.iisc.ac.in/_mathbio/SBMEEWSOrgCom.html]
[math.iisc.ac.in/_mathbio/SBMEEWSResourcePersons.html]
[math.iisc.ac.in/_mathbio/SBMEEWSVenue.html]
[math.iisc.ac.in/_mathbio/SBMEEWSdeadline.html]
[math.iisc.ac.in/_mathbio/MBConfOrgCom.html]
[math.iisc.ac.in/_mathbio/MBConfResourcePersons.html]
[math.iisc.ac.in/_mathbio/MBConfVenue.html]
[math.iisc.ac.in/_mathbio/MBConfdeadlines.html]
[math.iisc.ac.in/_mathbio/MiniSympParticipants.html]
[math.iisc.ac.in/_mathbio/MiniSympVenue.html]
[math.iisc.ac.in/_mathbio/TEI OrgCom.html]
[math.iisc.ac.in/_mathbio/TEIResourcePersons.html]
[math.iisc.ac.in/_mathbio/TEIVenue.html]
[math.iisc.ac.in/_mathbio/lib/jquery.js]
[math.iisc.ac.in/_mathbio/lib/jquery.metadata.js]
[math.iisc.ac.in/_mathbio/scripts/jquery.validate.js]
[math.iisc.ac.in/_mathbio/lib/cmxforms.js]
[math.iisc.ac.in/_mathbio/rfp.html]
[math.iisc.ac.in/_mathbio/TEI deadlines.html]
[math.iisc.ac.in/_mathbio/images/123.jpg]
[math.iisc.ac.in/_mathbio/images/456.jpg]
[math.iisc.ac.in/_mathbio/artificial_neural.html]
[math.iisc.ac.in/_mathbio/brain_function.html]
[math.iisc.ac.in/_mathbio/Mapping_space.html]
[math.iisc.ac.in/_mathbio/protein.html]
[math.iisc.ac.in/_mathbio/bio_func.html]
[math.iisc.ac.in/_mathbio/images/image1.jpg]
[math.iisc.ac.in/_mathbio/images/image2.jpg]
[math.iisc.ac.in/_mathbio/images/image3.jpg]
[math.iisc.ac.in/_mathbio/images/image4.jpg]
[math.iisc.ac.in/_mathbio/images/image5.jpg]
[math.iisc.ac.in/_mathbio/Net_bio.html]
[math.iisc.ac.in/_ifcam/Set 01.pdf]
[math.iisc.ac.in/_ifcam/Set 02.pdf]
[math.iisc.ac.in/_ifcam/Option price_Notes.pdf]
[math.iisc.ac.in/_ifcam/Lavielle_ifcam.pdf]
[math.iisc.ac.in/_ifcam/Suresh Kumar lectures.pdf]
[math.iisc.ac.in/_ifcam/LectureCIBangalore2015.pdf]
[math.iisc.ac.in/_ifcam/LectureMGBangalore2015.pdf]
[math.iisc.ac.in/_ifcam/SS2015_Lectures.html]
[math.iisc.ac.in/_ifcam/numerical.pdf]
[math.iisc.ac.in/_ifcam/References.rtf]
[math.iisc.ac.in/_ifcam/B13-1.pdf]
[math.iisc.ac.in/_ifcam/B13-2.pdf]
[math.iisc.ac.in/_ifcam/B13-3.pdf]
[math.iisc.ac.in/_ifcam/B13-4.pdf]
[math.iisc.ac.in/_ifcam/B13-5.pdf]
[math.iisc.ac.in/_ifcam/B13-6.pdf]
[math.iisc.ac.in/_ifcam/B13-7.pdf]
[math.iisc.ac.in/_ifcam/tp1.pdf]
[math.iisc.ac.in/_ifcam/tp1correction.pdf]
[math.iisc.ac.in/_ifcam/tp2.pdf]
[math.iisc.ac.in/_ifcam/tp2correction.pdf]
[math.iisc.ac.in/_ifcam/tp3.pdf]
[math.iisc.ac.in/_ifcam/tp3correction.pdf]
[math.iisc.ac.in/_ifcam/tp4.pdf]
[math.iisc.ac.in/_ifcam/tp4correction.pdf]
[math.iisc.ac.in/_ifcam/tp5.pdf]
[math.iisc.ac.in/_ifcam/tp5correction.pdf]
[math.iisc.ac.in/_ifcam/tp6.pdf]
[math.iisc.ac.in/_ifcam/tp6correction.pdf]
[math.iisc.ac.in/_ifcam/matlab.pdf]
[math.iisc.ac.in/_ifcam/pendulum.pdf]
[math.iisc.ac.in/_ifcam/lectures.html]
[math.iisc.ac.in/_nmi/images/bg.html]
[math.iisc.ac.in/_nmi/images/cmxform-divider.html]
[math.iisc.ac.in/_nmi/SSA_Schedule.pdf]
[math.iisc.ac.in/_nmi/SSA_TA.pdf]
[math.iisc.ac.in/_nmi/SSA_Felic_Images.rar]
[math.iisc.ac.in/_nmi/SSA_Felic_Video1.rar]
[math.iisc.ac.in/_nmi/SSA_Felic_Video2.rar]
[math.iisc.ac.in/_nmi/SSA.html]
[math.iisc.ac.in/_nmi/Selected_Outstation_list_Web.pdf]
[math.iisc.ac.in/_nmi/Selected_local_list_Web.pdf]
[math.iisc.ac.in/_nmi/Symp.html]
[math.iisc.ac.in/_nmi/images/LSSP_Photo.jpg]
[math.iisc.ac.in/_nmi/Local_Participants_Web.pdf]
[math.iisc.ac.in/_nmi/Outstation_Participants_Web.pdf]
[math.iisc.ac.in/_nmi/LSSP_Schedule.pdf]
[math.iisc.ac.in/_nmi/images/IEEESPLogo.jpg]
[math.iisc.ac.in/_nmi/LSSP.html]
[math.iisc.ac.in/_nmi/SelectedParticipants_MLCN.pdf]
[math.iisc.ac.in/_nmi/MLCN.html]
[math.iisc.ac.in/_nmi/Reinfo_Outstation_Participants.pdf]
[math.iisc.ac.in/_nmi/RARL_Schedule.pdf]
[math.iisc.ac.in/_nmi/Reinfo_Local_Participants.pdf]
[math.iisc.ac.in/_nmi/Reinfo.html]
[math.iisc.ac.in/_nmi/NOML Selected Participants.pdf]
[math.iisc.ac.in/_nmi/NOML.html]
[math.iisc.ac.in/_nmi/QINT.html]
[math.iisc.ac.in/_nmi/GMCT.html]
[math.iisc.ac.in/_nmi/NISA.html]
[math.iisc.ac.in/_nmi/DIS.html]
[math.iisc.ac.in/_nmi/SIDE.html]
[math.iisc.ac.in/_nmi/PTAOrgCom.html]
[math.iisc.ac.in/_nmi/MFWS.html]
[math.iisc.ac.in/_nmi/downloads/PS_LTWS.pdf]
[math.iisc.ac.in/_nmi/downloads/LTWS_Abstract.pdf]
[math.iisc.ac.in/_nmi/LTPWS.html]
[math.iisc.ac.in/_nmi/downloads/PS_LTConf.pdf]
[math.iisc.ac.in/_nmi/downloads/LTP_conf_abstract.pdf]
[math.iisc.ac.in/_nmi/LTPConf.html]
[math.iisc.ac.in/_nmi/downloads/SPE_2013.pdf]
[math.iisc.ac.in/_nmi/downloads/Info.pdf]
[math.iisc.ac.in/_nmi/SPEWS.html]
[math.iisc.ac.in/_nmi/atp-1213_Seminar.html]
[math.iisc.ac.in/_nmi/INSWS.html]
[math.iisc.ac.in/_nmi/NSFWS.html]
[math.iisc.ac.in/_nmi/AMNSWS.html]
[math.iisc.ac.in/_nmi/downloads/SNWSSelected_Participants.pdf]
[math.iisc.ac.in/_nmi/SNWS.html]
[math.iisc.ac.in/_nmi/downloads/NBSSEWS_Local_Participants.pdf]
[math.iisc.ac.in/_nmi/downloads/NBSSEWS_Outstation_Participants.pdf]
[math.iisc.ac.in/_nmi/downloads/PS_NBSSEWS.pdf]
[math.iisc.ac.in/_nmi/NBSSEWS.html]
[math.iisc.ac.in/_nmi/downloads/NBSSEConf_Local_Participants.pdf]
[math.iisc.ac.in/_nmi/downloads/NBSSEConf_Outstation_Participants.pdf]
[math.iisc.ac.in/_nmi/downloads/PS_NBSSEConf.pdf]
[math.iisc.ac.in/_nmi/NBSSEConf.html]
[math.iisc.ac.in/_nmi/math-biorequestforparticipation.html]
[math.iisc.ac.in/_nmi/QGGAWS.html]
[math.iisc.ac.in/_nmi/MIDWS.html]
[math.iisc.ac.in/_nmi/MDDWS.html]
[math.iisc.ac.in/_nmi/downloads/MEWS-PS.pdf]
[math.iisc.ac.in/_nmi/downloads/SelectedParticipantList.pdf]
[math.iisc.ac.in/_nmi/MEWS.html]
[math.iisc.ac.in/_nmi/downloads/PS-PSFFWS.pdf]
[math.iisc.ac.in/_nmi/PSFFWS.html]
[math.iisc.ac.in/_nmi/downloads/PS_MTLS.pdf]
[math.iisc.ac.in/_nmi/MTLSWS.html]
[math.iisc.ac.in/_nmi/downloads/MPWS_PS.pdf]
[math.iisc.ac.in/_nmi/downloads/MPWS_Selected_Participants.pdf]
[math.iisc.ac.in/_nmi/MPWS.html]
[math.iisc.ac.in/_nmi/SBMEEWS.html]
[math.iisc.ac.in/_nmi/downloads/MBConf_Pgm_Schedule.pdf]
[math.iisc.ac.in/_nmi/downloads/Participants List on Web.pdf]
[math.iisc.ac.in/_nmi/MBConf.html]
[math.iisc.ac.in/_nmi/downloads/Mini_Programme_Schedule.pdf]
[math.iisc.ac.in/_nmi/MiniSymp.html]
[math.iisc.ac.in/_nmi/Compact_Course_Arni.html]
[math.iisc.ac.in/_nmi/atp0910-orgcommittee.html]
[math.iisc.ac.in/_nmi/atp-requestforparticipation1011.html]
[math.iisc.ac.in/_nmi/atp-0910 Compact Courses.html]
[math.iisc.ac.in/_nmi/downloads/Topics.pdf]
[math.iisc.ac.in/_nmi/downloads/PS PDE workshop.pdf]
[math.iisc.ac.in/_nmi/atp-0910-workshop-pde.html]
[math.iisc.ac.in/_nmi/downloads/PS-CIP1.pdf]
[math.iisc.ac.in/_nmi/downloads/List of Students.pdf]
[math.iisc.ac.in/_nmi/atp-0910-workshop-cip.html]
[math.iisc.ac.in/_nmi/downloads/PS - Conference.pdf]
[math.iisc.ac.in/_nmi/downloads/List of Participants for the conference.pdf]
[math.iisc.ac.in/_nmi/atp-0910-conference-cip.html]
[math.iisc.ac.in/_nmi/downloads/PS-MS workshop .pdf]
[math.iisc.ac.in/_nmi/downloads/Website List .pdf]
[math.iisc.ac.in/_nmi/atp-1011-Workshop.html]
[math.iisc.ac.in/_nmi/downloads/WebsiteList Conference.pdf]
[math.iisc.ac.in/_nmi/atp-1011-conference.html]
[math.iisc.ac.in/_nmi/atp-0809-orgcommittee.html]
[math.iisc.ac.in/_nmi/atp-0809-compactcourses.html]
[math.iisc.ac.in/_nmi/downloads/PS-PDE workshop.pdf]
[math.iisc.ac.in/_nmi/downloads/Participants.pdf]
[math.iisc.ac.in/_nmi/atp-0809-workshop-harmonic.html]
[math.iisc.ac.in/_nmi/atp-0809-workshop-analysisapplications.html]
[math.iisc.ac.in/_nmi/atp-0809-conferenceanalysis.html]
[math.iisc.ac.in/_nmi/atp-0809-visitors.html]
[math.iisc.ac.in/_nmi/atp-0809-deadlines.html]
[math.iisc.ac.in/_nmi/atp-0708-orgcommittee.html]
[math.iisc.ac.in/_nmi/downloads/Lecture1.pdf]
[math.iisc.ac.in/_nmi/downloads/Lecture2.pdf]
[math.iisc.ac.in/_nmi/downloads/Lecture3.pdf]
[math.iisc.ac.in/_nmi/downloads/Lecture4.pdf]
[math.iisc.ac.in/_nmi/atp-0708-compactcourses.html]
[math.iisc.ac.in/_nmi/downloads/atp-ds-PS-DS.pdf]
[math.iisc.ac.in/_nmi/atp-0708-ds.html]
[math.iisc.ac.in/_nmi/downloads/PS-Turb.pdf]
[math.iisc.ac.in/_nmi/atp-0708-turbulence.html]
[math.iisc.ac.in/_nmi/downloads/PS-IS.pdf]
[math.iisc.ac.in/_nmi/atp-0708-IS.html]
[math.iisc.ac.in/_nmi/downloads/NEE-PS.pdf]
[math.iisc.ac.in/_nmi/downloads/NEE-participants.pdf]
[math.iisc.ac.in/_nmi/atp-0708-symp-NEE.html]
[math.iisc.ac.in/_nmi/atp-0708-SERC-school.html]
[math.iisc.ac.in/_nmi/atp-0708-conf-NDST.html]
[math.iisc.ac.in/_nmi/atp-0708-deadlines.html]
[math.iisc.ac.in/_nmi/atp-compact0708.html]
[math.iisc.ac.in/_nmi/atp-0607-orgcommittee.html]
[math.iisc.ac.in/_nmi/downloads/Ram1.pdf]
[math.iisc.ac.in/_nmi/atp-0607-WLS.html]
[math.iisc.ac.in/_nmi/downloads/atp-com1620.pdf]
[math.iisc.ac.in/_nmi/downloads/Prof.Borkar.pdf]
[math.iisc.ac.in/_nmi/atp-0607-compactcourses.html]
[math.iisc.ac.in/_nmi/downloads/atp-QF-timetable.pdf]
[math.iisc.ac.in/_nmi/atp-0607-QF.html]
[math.iisc.ac.in/_nmi/atp-0607-MAN.html]
[math.iisc.ac.in/_nmi/atp-0607-conf.html]
[math.iisc.ac.in/_nmi/atp-0607-WCN.html]
[math.iisc.ac.in/_nmi/atp-0607-deadlines.html]
[math.iisc.ac.in/_nmi/atp-compact0607.html]
[math.iisc.ac.in/_nmi/atp-0506-orgcommittee.html]
[math.iisc.ac.in/_nmi/atp-0506-compactcourses.html]
[math.iisc.ac.in/_nmi/downloads/symposium_05_PS.pdf]
[math.iisc.ac.in/_nmi/atp-0506-symp.html]
[math.iisc.ac.in/_nmi/Indo2005/index.html]
[math.iisc.ac.in/_nmi/downloads/numbertheory-PS.pdf]
[math.iisc.ac.in/_nmi/atp-0506-numbertheory.html]
[math.iisc.ac.in/_nmi/atp-0506-conf.html]
[math.iisc.ac.in/_nmi/atp-0506-deadlines.html]
[math.iisc.ac.in/_nmi/atp-0405-orgcommittee.html]
[math.iisc.ac.in/_nmi/atp-0405-w1.html]
[math.iisc.ac.in/_nmi/atp-0405-indo.html]
[math.iisc.ac.in/_nmi/downloads/atp-0405-w2-PS.pdf]
[math.iisc.ac.in/_nmi/atp-0405-w2.html]
[math.iisc.ac.in/_nmi/downloads/atp-0405-conf-PS.pdf]
[math.iisc.ac.in/_nmi/atp-0405-conf.html]
[math.iisc.ac.in/_nmi/atp-0405-deadlines.html]
[math.iisc.ac.in/_nmi/NDP_OC.html]
[math.iisc.ac.in/_nmi/NDP_Speakers.html]
[math.iisc.ac.in/_nmi/NDP_Venue.html]
[math.iisc.ac.in/_nmi/NDP_Deadline.html]
[math.iisc.ac.in/_nmi/CANEConvener.html]
[math.iisc.ac.in/_nmi/CANEInvitedSpeakers.html]
[math.iisc.ac.in/_nmi/CANE_Sponsor.html]
[math.iisc.ac.in/_nmi/CANEVenue.html]
[math.iisc.ac.in/_nmi/CANEdeadline.html]
[math.iisc.ac.in/_nmi/ICAGConvener.html]
[math.iisc.ac.in/_nmi/ICAGOrgComm.html]
[math.iisc.ac.in/_nmi/ICAGInvitedSpeakers.html]
[math.iisc.ac.in/_nmi/ICAGVenue.html]
[math.iisc.ac.in/_nmi/ICAGdeadline.html]
[math.iisc.ac.in/_nmi/atp-0809-workshop-nonlinearwaves-resource.html]
[math.iisc.ac.in/_nmi/atp-0809-workshop-nonlinearwaves-venue.html]
[math.iisc.ac.in/_nmi/multiscale.html]
[math.iisc.ac.in/_nmi/algo.html]
[math.iisc.ac.in/_nmi/stat.html]
[math.iisc.ac.in/_nmi/images/Fluorescence Image.jpg]
[math.iisc.ac.in/_nmi/denoising.html]
[math.iisc.ac.in/_nmi/accel.html]
[math.iisc.ac.in/_nmi/compil.html]
[math.iisc.ac.in/_nmi/images/penetrable.jpg]
[math.iisc.ac.in/_nmi/images/matrix.jpg]
[math.iisc.ac.in/_nmi/EM_scattering.html]
[math.iisc.ac.in/_nmi/Fuel_Cells.html]
[math.iisc.ac.in/_nmi/X-rayop.html]
[math.iisc.ac.in/_nmi/NMR_Mass.html]
[math.iisc.ac.in/_nmi/netgames_OrgComm.html]
[math.iisc.ac.in/_nmi/netgames_Speakers.html]
[math.iisc.ac.in/_nmi/netgames_Venue.html]
[math.iisc.ac.in/_nmi/netgames_Deadline.html]
[math.iisc.ac.in/_nmi/NAGPaper.html]
[math.iisc.ac.in/_nmi/downloads/SDMD_Slides/Anwesha Mukherjee.pdf]
[math.iisc.ac.in/_nmi/downloads/SDMD_Slides/Arunava Sen.pdf]
[math.iisc.ac.in/_nmi/downloads/SDMD_Slides/Debasis Mishra.pdf]
[math.iisc.ac.in/_nmi/downloads/SDMD_Slides/Debasis Mishra 2.pdf]
[math.iisc.ac.in/_nmi/downloads/SDMD_Slides/Krishnendu Ghosh Dastidar.pdf]
[math.iisc.ac.in/_nmi/downloads/SDMD_Slides/Parikshit Ghosh.pdf]
[math.iisc.ac.in/_nmi/downloads/SDMD_Slides/Rahul Deb.pdf]
[math.iisc.ac.in/_nmi/downloads/SDMD_Slides/Rahul Deb 2.pdf]
[math.iisc.ac.in/_nmi/downloads/SDMD_Slides/Rohit Lamba.pdf]
[math.iisc.ac.in/_nmi/downloads/SDMD_Slides/Rohit Lamba 2.pdf]
[math.iisc.ac.in/_nmi/downloads/SDMD_Slides/Satyanath Bhat.pdf]
[math.iisc.ac.in/_nmi/downloads/SDMD_Slides/Seher Gupta.pdf]
[math.iisc.ac.in/_nmi/downloads/SDMD_Slides/Shweta Jain.pdf]
[math.iisc.ac.in/_nmi/downloads/SDMD_Slides/Soumendu Sarkar.pdf]
[math.iisc.ac.in/_nmi/downloads/SDMD_Slides/Souvik Roy.pdf]
